<?xml version="1.0" encoding="UTF-8"?>
<robot generator="Robot 3.2.2 (Python 3.9.0 on darwin)" generated="20210129 02:10:54.329" rpa="false">
<suite id="s1" name="Trivago Discover" source="/Users/divanshugupta/Documents/development/robot-scripts/TrivagoDiscover_Demo/Tests/Trivago_Discover.robot">
<test id="s1-t1" name="Trivago Discover Demo">
<kw name="Begin Web Test" library="Common" type="setup">
<kw name="Open Browser" library="SeleniumLibrary">
<doc>Opens a new browser instance to the given ``url``.</doc>
<arguments>
<arg>about:blank</arg>
<arg>${browser}</arg>
</arguments>
<msg timestamp="20210129 02:10:54.527" level="INFO">Opening browser 'safari' to base url 'about:blank'.</msg>
<status status="PASS" starttime="20210129 02:10:54.527" endtime="20210129 02:10:56.236"></status>
</kw>
<kw name="Maximize Browser Window" library="SeleniumLibrary">
<doc>Maximizes current browser window.</doc>
<status status="PASS" starttime="20210129 02:10:56.236" endtime="20210129 02:10:56.251"></status>
</kw>
<status status="PASS" starttime="20210129 02:10:54.526" endtime="20210129 02:10:56.253"></status>
</kw>
<kw name="Given user is on Trivago Discover page" library="DiscoverApp">
<kw name="Load" library="LandingPage">
<kw name="Go To" library="SeleniumLibrary">
<doc>Navigates the active browser instance to the provided ``url``.</doc>
<arguments>
<arg>https://discover.trivago.co.uk/</arg>
</arguments>
<msg timestamp="20210129 02:10:56.258" level="INFO">Opening url 'https://discover.trivago.co.uk/'</msg>
<status status="PASS" starttime="20210129 02:10:56.257" endtime="20210129 02:10:58.082"></status>
</kw>
<status status="PASS" starttime="20210129 02:10:56.256" endtime="20210129 02:10:58.082"></status>
</kw>
<kw name="Verify Page Loaded" library="LandingPage">
<kw name="Page Should Contain" library="SeleniumLibrary">
<doc>Verifies that current page contains ``text``.</doc>
<arguments>
<arg>Top deals on hotels and other stays</arg>
</arguments>
<msg timestamp="20210129 02:10:58.178" level="INFO">Current page contains text 'Top deals on hotels and other stays'.</msg>
<status status="PASS" starttime="20210129 02:10:58.083" endtime="20210129 02:10:58.179"></status>
</kw>
<kw name="Sleep" library="BuiltIn">
<doc>Pauses the test executed for the given time.</doc>
<arguments>
<arg>5</arg>
</arguments>
<msg timestamp="20210129 02:11:03.179" level="INFO">Slept 5 seconds</msg>
<status status="PASS" starttime="20210129 02:10:58.179" endtime="20210129 02:11:03.180"></status>
</kw>
<kw name="Click Button" library="SeleniumLibrary">
<doc>Clicks button identified by ``locator``.</doc>
<arguments>
<arg>xpath=//*[@id="onetrust-accept-btn-handler"]</arg>
</arguments>
<msg timestamp="20210129 02:11:03.180" level="INFO">Clicking button 'xpath=//*[@id="onetrust-accept-btn-handler"]'.</msg>
<status status="PASS" starttime="20210129 02:11:03.180" endtime="20210129 02:11:03.278"></status>
</kw>
<kw name="Sleep" library="BuiltIn">
<doc>Pauses the test executed for the given time.</doc>
<arguments>
<arg>2</arg>
</arguments>
<msg timestamp="20210129 02:11:05.279" level="INFO">Slept 2 seconds</msg>
<status status="PASS" starttime="20210129 02:11:03.279" endtime="20210129 02:11:05.279"></status>
</kw>
<kw name="Capture Page Screenshot" library="SeleniumLibrary">
<doc>Takes screenshot of the current page and embeds it into log file.</doc>
<arguments>
<arg>LandingPage.png</arg>
</arguments>
<msg timestamp="20210129 02:11:05.665" level="INFO" html="yes">&lt;/td&gt;&lt;/tr&gt;&lt;tr&gt;&lt;td colspan="3"&gt;&lt;a href="LandingPage.png"&gt;&lt;img src="LandingPage.png" width="800px"&gt;&lt;/a&gt;</msg>
<status status="PASS" starttime="20210129 02:11:05.280" endtime="20210129 02:11:05.665"></status>
</kw>
<status status="PASS" starttime="20210129 02:10:58.083" endtime="20210129 02:11:05.666"></status>
</kw>
<status status="PASS" starttime="20210129 02:10:56.255" endtime="20210129 02:11:05.666"></status>
</kw>
<kw name="When user searches for &quot;Berlin&quot;" library="DiscoverApp">
<kw name="Enter Search Term &quot;Berlin&quot;" library="Search">
<kw name="Input Text" library="SeleniumLibrary">
<doc>Types the given ``text`` into text field identified by ``locator``.</doc>
<arguments>
<arg>xpath=//*[@id="__next"]/main/div[1]/div[1]/div[2]/div/div/div/div[2]/ul/li[1]/div/div/div/div[2]/div/input</arg>
<arg>Berlin</arg>
</arguments>
<msg timestamp="20210129 02:11:05.667" level="INFO">Typing text 'Berlin' into text field 'xpath=//*[@id="__next"]/main/div[1]/div[1]/div[2]/div/div/div/div[2]/ul/li[1]/div/div/div/div[2]/div/input'.</msg>
<status status="PASS" starttime="20210129 02:11:05.667" endtime="20210129 02:11:05.941"></status>
</kw>
<kw name="Sleep" library="BuiltIn">
<doc>Pauses the test executed for the given time.</doc>
<arguments>
<arg>5</arg>
</arguments>
<msg timestamp="20210129 02:11:10.943" level="INFO">Slept 5 seconds</msg>
<status status="PASS" starttime="20210129 02:11:05.941" endtime="20210129 02:11:10.943"></status>
</kw>
<kw name="Click Button" library="SeleniumLibrary">
<doc>Clicks button identified by ``locator``.</doc>
<arguments>
<arg>xpath=//*[@id="__next"]/main/div[1]/div[1]/div[2]/div/div/div/div[2]/ul/li[1]/div/div/div[2]/div/ul/li[1]/button</arg>
</arguments>
<msg timestamp="20210129 02:11:10.943" level="INFO">Clicking button 'xpath=//*[@id="__next"]/main/div[1]/div[1]/div[2]/div/div/div/div[2]/ul/li[1]/div/div/div[2]/div/ul/li[1]/button'.</msg>
<status status="PASS" starttime="20210129 02:11:10.943" endtime="20210129 02:11:11.127"></status>
</kw>
<kw name="Sleep" library="BuiltIn">
<doc>Pauses the test executed for the given time.</doc>
<arguments>
<arg>5</arg>
</arguments>
<msg timestamp="20210129 02:11:16.128" level="INFO">Slept 5 seconds</msg>
<status status="PASS" starttime="20210129 02:11:11.128" endtime="20210129 02:11:16.128"></status>
</kw>
<status status="PASS" starttime="20210129 02:11:05.666" endtime="20210129 02:11:16.128"></status>
</kw>
<kw name="Enter Radius" library="Search">
<kw name="Click Button" library="SeleniumLibrary">
<doc>Clicks button identified by ``locator``.</doc>
<arguments>
<arg>xpath=/html/body/div[1]/main/div[1]/div[1]/div[2]/div/div/div/div[2]/ul/li[2]/div/div[2]/div/ul/li[1]/button</arg>
</arguments>
<msg timestamp="20210129 02:11:16.129" level="INFO">Clicking button 'xpath=/html/body/div[1]/main/div[1]/div[1]/div[2]/div/div/div/div[2]/ul/li[2]/div/div[2]/div/ul/li[1]/button'.</msg>
<status status="PASS" starttime="20210129 02:11:16.129" endtime="20210129 02:11:16.227"></status>
</kw>
<kw name="Sleep" library="BuiltIn">
<doc>Pauses the test executed for the given time.</doc>
<arguments>
<arg>5</arg>
</arguments>
<msg timestamp="20210129 02:11:21.229" level="INFO">Slept 5 seconds</msg>
<status status="PASS" starttime="20210129 02:11:16.228" endtime="20210129 02:11:21.229"></status>
</kw>
<kw name="Page Should Contain" library="SeleniumLibrary">
<doc>Verifies that current page contains ``text``.</doc>
<arguments>
<arg>Berlin, Germany</arg>
</arguments>
<msg timestamp="20210129 02:11:21.277" level="INFO">Current page contains text 'Berlin, Germany'.</msg>
<status status="PASS" starttime="20210129 02:11:21.229" endtime="20210129 02:11:21.277"></status>
</kw>
<kw name="Capture Page Screenshot" library="SeleniumLibrary">
<doc>Takes screenshot of the current page and embeds it into log file.</doc>
<arguments>
<arg>SearchResults.png</arg>
</arguments>
<msg timestamp="20210129 02:11:21.655" level="INFO" html="yes">&lt;/td&gt;&lt;/tr&gt;&lt;tr&gt;&lt;td colspan="3"&gt;&lt;a href="SearchResults.png"&gt;&lt;img src="SearchResults.png" width="800px"&gt;&lt;/a&gt;</msg>
<status status="PASS" starttime="20210129 02:11:21.277" endtime="20210129 02:11:21.655"></status>
</kw>
<status status="PASS" starttime="20210129 02:11:16.129" endtime="20210129 02:11:21.655"></status>
</kw>
<status status="PASS" starttime="20210129 02:11:05.666" endtime="20210129 02:11:21.656"></status>
</kw>
<kw name="And user sees Top deals on hotels and other stays" library="DiscoverApp">
<kw name="View Deals on Hotels" library="ViewDeal">
<kw name="Execute Javascript" library="SeleniumLibrary">
<doc>Executes the given JavaScript code.</doc>
<arguments>
<arg>window.scrollTo(0,350)</arg>
</arguments>
<msg timestamp="20210129 02:11:21.657" level="INFO">Executing JavaScript:
window.scrollTo(0,350)</msg>
<status status="PASS" starttime="20210129 02:11:21.657" endtime="20210129 02:11:21.680"></status>
</kw>
<kw name="Sleep" library="BuiltIn">
<doc>Pauses the test executed for the given time.</doc>
<arguments>
<arg>3</arg>
</arguments>
<msg timestamp="20210129 02:11:24.680" level="INFO">Slept 3 seconds</msg>
<status status="PASS" starttime="20210129 02:11:21.680" endtime="20210129 02:11:24.680"></status>
</kw>
<kw name="Page Should Contain Button" library="SeleniumLibrary">
<doc>Verifies button ``locator`` is found from current page.</doc>
<arguments>
<arg>xpath=//*[@id="__next"]/main/div[1]/div[3]/div/div[2]/div/div/section/ul/li[1]/article/div[3]/footer/div[3]/div[2]/button</arg>
</arguments>
<msg timestamp="20210129 02:11:24.779" level="INFO">&lt;html lang="en-GB" dir="ltr" data-triggered="true"&gt;&lt;head&gt;&lt;style type="text/css"&gt;.fresnel-container{margin:0;padding:0;}
@media not all and (min-width:0px) and (max-width:479px){.fresnel-at-xxs{display:none!important;}}
@media not all and (min-width:480px) and (max-width:599px){.fresnel-at-xs{display:none!important;}}
@media not all and (min-width:600px) and (max-width:719px){.fresnel-at-sm{display:none!important;}}
@media not all and (min-width:720px) and (max-width:979px){.fresnel-at-md{display:none!important;}}
@media not all and (min-width:980px) and (max-width:1279px){.fresnel-at-lg{display:none!important;}}
@media not all and (min-width:1280px) and (max-width:1439px){.fresnel-at-xlg{display:none!important;}}
@media not all and (min-width:1440px){.fresnel-at-xxlg{display:none!important;}}
@media not all and (max-width:479px){.fresnel-lessThan-xs{display:none!important;}}
@media not all and (max-width:599px){.fresnel-lessThan-sm{display:none!important;}}
@media not all and (max-width:719px){.fresnel-lessThan-md{display:none!important;}}
@media not all and (max-width:979px){.fresnel-lessThan-lg{display:none!important;}}
@media not all and (max-width:1279px){.fresnel-lessThan-xlg{display:none!important;}}
@media not all and (max-width:1439px){.fresnel-lessThan-xxlg{display:none!important;}}
@media not all and (min-width:480px){.fresnel-greaterThan-xxs{display:none!important;}}
@media not all and (min-width:600px){.fresnel-greaterThan-xs{display:none!important;}}
@media not all and (min-width:720px){.fresnel-greaterThan-sm{display:none!important;}}
@media not all and (min-width:980px){.fresnel-greaterThan-md{display:none!important;}}
@media not all and (min-width:1280px){.fresnel-greaterThan-lg{display:none!important;}}
@media not all and (min-width:1440px){.fresnel-greaterThan-xlg{display:none!important;}}
@media not all and (min-width:0px){.fresnel-greaterThanOrEqual-xxs{display:none!important;}}
@media not all and (min-width:480px){.fresnel-greaterThanOrEqual-xs{display:none!important;}}
@media not all and (min-width:600px){.fresnel-greaterThanOrEqual-sm{display:none!important;}}
@media not all and (min-width:720px){.fresnel-greaterThanOrEqual-md{display:none!important;}}
@media not all and (min-width:980px){.fresnel-greaterThanOrEqual-lg{display:none!important;}}
@media not all and (min-width:1280px){.fresnel-greaterThanOrEqual-xlg{display:none!important;}}
@media not all and (min-width:1440px){.fresnel-greaterThanOrEqual-xxlg{display:none!important;}}
@media not all and (min-width:0px) and (max-width:479px){.fresnel-between-xxs-xs{display:none!important;}}
@media not all and (min-width:0px) and (max-width:599px){.fresnel-between-xxs-sm{display:none!important;}}
@media not all and (min-width:0px) and (max-width:719px){.fresnel-between-xxs-md{display:none!important;}}
@media not all and (min-width:0px) and (max-width:979px){.fresnel-between-xxs-lg{display:none!important;}}
@media not all and (min-width:0px) and (max-width:1279px){.fresnel-between-xxs-xlg{display:none!important;}}
@media not all and (min-width:0px) and (max-width:1439px){.fresnel-between-xxs-xxlg{display:none!important;}}
@media not all and (min-width:480px) and (max-width:599px){.fresnel-between-xs-sm{display:none!important;}}
@media not all and (min-width:480px) and (max-width:719px){.fresnel-between-xs-md{display:none!important;}}
@media not all and (min-width:480px) and (max-width:979px){.fresnel-between-xs-lg{display:none!important;}}
@media not all and (min-width:480px) and (max-width:1279px){.fresnel-between-xs-xlg{display:none!important;}}
@media not all and (min-width:480px) and (max-width:1439px){.fresnel-between-xs-xxlg{display:none!important;}}
@media not all and (min-width:600px) and (max-width:719px){.fresnel-between-sm-md{display:none!important;}}
@media not all and (min-width:600px) and (max-width:979px){.fresnel-between-sm-lg{display:none!important;}}
@media not all and (min-width:600px) and (max-width:1279px){.fresnel-between-sm-xlg{display:none!important;}}
@media not all and (min-width:600px) and (max-width:1439px){.fresnel-between-sm-xxlg{display:none!important;}}
@media not all and (min-width:720px) and (max-width:979px){.fresnel-between-md-lg{display:none!important;}}
@media not all and (min-width:720px) and (max-width:1279px){.fresnel-between-md-xlg{display:none!important;}}
@media not all and (min-width:720px) and (max-width:1439px){.fresnel-between-md-xxlg{display:none!important;}}
@media not all and (min-width:980px) and (max-width:1279px){.fresnel-between-lg-xlg{display:none!important;}}
@media not all and (min-width:980px) and (max-width:1439px){.fresnel-between-lg-xxlg{display:none!important;}}
@media not all and (min-width:1280px) and (max-width:1439px){.fresnel-between-xlg-xxlg{display:none!important;}}&lt;/style&gt;&lt;meta name="viewport" content="width=device-width"&gt;&lt;meta charset="utf-8"&gt;&lt;title&gt;trivago Discover&lt;/title&gt;&lt;meta name="description" content="Discover top deals for regional getaways - Easy to reach by car or train, but far from the everyday."&gt;&lt;link rel="preload" href="/_next/static/css/c79770dddd71bd35d21b.css" as="style"&gt;&lt;link rel="stylesheet" href="/_next/static/css/c79770dddd71bd35d21b.css" data-n-g=""&gt;&lt;link rel="preload" href="/_next/static/css/dd7750c0871f3910cf94.css" as="style"&gt;&lt;noscript data-n-css=""&gt;&lt;/noscript&gt;&lt;style data-n-href="/_next/static/css/dd7750c0871f3910cf94.css"&gt;.Page_container__3p0RG{min-height:100vh}.Header_container__2y6o_{font-size:14px}[dir=ltr] .Header_divided__3F8fA&gt;*+*{margin-left:1em}[dir=rtl] .Header_divided__3F8fA&gt;*+*{margin-right:1em}.Header_header__3AAda{height:55px;display:-webkit-box;display:-webkit-flex;display:flex;-webkit-box-pack:justify;-webkit-justify-content:space-between;justify-content:space-between}[dir] .Header_header__3AAda{margin-bottom:-1px}.Header_leading__CIjxy,.Header_trailing__kYVZN{display:-webkit-box;display:-webkit-flex;display:flex;-webkit-box-align:center;-webkit-align-items:center;align-items:center}.Header_navigation__9c60l{display:none}@media(min-width:720px){.Header_navigation__9c60l{display:block}}.Header_menu__39uZM{height:100%;display:none}@media(min-width:980px){.Header_menu__39uZM{display:block}}[dir] .Header_mobileNavigation__2DOnV{margin-bottom:-1px}@media(min-width:980px){.Header_mobileMenu__3aVNT{display:none}}@media(min-width:720px){.Header_mobileRow__192IO{display:none}}[dir] .NavBar_header__5bFB4{background-color:#fff;border-bottom:1px solid #cdd0d2}.Container_container__3lODl{width:100%}[dir=ltr] .Container_container__3lODl,[dir=rtl] .Container_container__3lODl{padding-left:1em;padding-right:1em}@media(min-width:720px){[dir=ltr] .Container_container__3lODl,[dir=rtl] .Container_container__3lODl{padding-left:1.5em;padding-right:1.5em}}.Container_body__2HGEu{max-width:1180px}[dir] .Container_body__2HGEu{margin:0 auto}.BrandLogo_logo__2Pqcq{display:block;width:102px}.Logo_logo__3wiNX svg{vertical-align:middle}.Logo_white__NPgYy path{fill:#fff}.Navigation_container__3TjF1{-webkit-box-pack:justify;-webkit-justify-content:space-between;justify-content:space-between}.Navigation_container__3TjF1,.Navigation_list__1GJbT{display:-webkit-box;display:-webkit-flex;display:flex}.Navigation_item__bgjqt{-webkit-flex-shrink:0;flex-shrink:0}.Navigation_link__1Qo8t{display:-webkit-inline-box;display:-webkit-inline-flex;display:inline-flex;height:55px;-webkit-box-align:center;-webkit-align-items:center;align-items:center;text-decoration:none;font-weight:700;color:#37454d}[dir] .Navigation_link__1Qo8t{padding-bottom:2px;cursor:pointer}[dir=ltr] .Navigation_link__1Qo8t,[dir=rtl] .Navigation_link__1Qo8t{padding-left:.75em;padding-right:.75em}.Navigation_link__1Qo8t:hover{text-decoration:none}[dir] .Navigation_link__1Qo8t:hover{background-color:#ebeced}.Navigation_discover__1IQsF{color:#007fad}[dir] .Navigation_discover__1IQsF{padding-bottom:0;border-bottom:2px solid #007fad}[dir] .Navigation_discover__1IQsF:hover{background-color:transparent}.IconLabel_container__3ZJxY{display:-webkit-box;display:-webkit-flex;display:flex;-webkit-box-align:center;-webkit-align-items:center;align-items:center;min-width:0}.IconLabel_icon__2OJnU{width:1.5em;height:1.5em;display:block;-webkit-flex-shrink:0;flex-shrink:0}[dir=ltr] .IconLabel_icon__2OJnU.IconLabel_leading__2QRqy{margin-right:.5em}[dir=ltr] .IconLabel_icon__2OJnU.IconLabel_trailing__36SHF,[dir=rtl] .IconLabel_icon__2OJnU.IconLabel_leading__2QRqy{margin-left:.5em}[dir=rtl] .IconLabel_icon__2OJnU.IconLabel_trailing__36SHF{margin-right:.5em}.IconLabel_label__rUNtX{-webkit-box-flex:1;-webkit-flex-grow:1;flex-grow:1;display:block}.IconLabel_truncateLabel__PDMe-{overflow:hidden;text-overflow:ellipsis;white-space:nowrap}.IconLabel_justify-start__VWToO{-webkit-box-pack:start;-webkit-justify-content:flex-start;justify-content:flex-start}.IconLabel_justify-center__1_f0R{-webkit-box-pack:center;-webkit-justify-content:center;justify-content:center}.IconLabel_justify-end__35JG3{-webkit-box-pack:end;-webkit-justify-content:flex-end;justify-content:flex-end}.IconLabel_justify-spaceAround__24DNr{-webkit-justify-content:space-around;justify-content:space-around}.IconLabel_justify-spaceBetween__1pExk{-webkit-box-pack:justify;-webkit-justify-content:space-between;justify-content:space-between}.IconLabel_justify-spaceEvenly__3ywnM{-webkit-box-pack:space-evenly;-webkit-justify-content:space-evenly;justify-content:space-evenly}.IconLabel_align-start__2hZlf{-webkit-box-align:start;-webkit-align-items:flex-start;align-items:flex-start}.IconLabel_align-center__3dcPx{-webkit-box-align:center;-webkit-align-items:center;align-items:center}.IconLabel_align-end__1XZqb{-webkit-box-align:end;-webkit-align-items:flex-end;align-items:flex-end}.IconLabel_placement-bottom__1IjTp,.IconLabel_placement-top__1EoaY{-webkit-box-orient:vertical;-webkit-box-direction:normal;-webkit-flex-direction:column;flex-direction:column}.Icon_container__2BGOM{line-height:0;display:inline-block;text-indent:0}.Icon_container__2BGOM&gt;svg{pointer-events:none}.Icon_verticalAlignMiddle__JAdvD{vertical-align:middle}[dir] .Icon_flip__3i32J&gt;svg{-webkit-transform:scaleX(-1);transform:scaleX(-1)}[dir] .Icon_center__-_Lw2{text-align:center}.Icon_center__-_Lw2:before{content:"";display:inline-block;vertical-align:middle;height:100%}.Icon_center__-_Lw2&gt;svg{vertical-align:middle}.Icon_contain__2U53c,.Icon_contain__2U53c&gt;svg{height:100%;width:100%}[dir=ltr] .Icon_rotate90__1B8XA&gt;svg{-webkit-transform:rotate(90deg);transform:rotate(90deg)}[dir=rtl] .Icon_rotate90__1B8XA&gt;svg{-webkit-transform:rotate(-90deg);transform:rotate(-90deg)}[dir=ltr] .Icon_rotate90__1B8XA.Icon_flip__3i32J&gt;svg{-webkit-transform:scaleX(-1) rotate(90deg);transform:scaleX(-1) rotate(90deg)}[dir=rtl] .Icon_rotate90__1B8XA.Icon_flip__3i32J&gt;svg{-webkit-transform:scaleX(-1) rotate(-90deg);transform:scaleX(-1) rotate(-90deg)}[dir=ltr] .Icon_rotate180__1glOC&gt;svg{-webkit-transform:rotate(180deg);transform:rotate(180deg)}[dir=rtl] .Icon_rotate180__1glOC&gt;svg{-webkit-transform:rotate(-180deg);transform:rotate(-180deg)}[dir=ltr] .Icon_rotate180__1glOC.Icon_flip__3i32J&gt;svg{-webkit-transform:scaleX(-1) rotate(180deg);transform:scaleX(-1) rotate(180deg)}[dir=rtl] .Icon_rotate180__1glOC.Icon_flip__3i32J&gt;svg{-webkit-transform:scaleX(-1) rotate(-180deg);transform:scaleX(-1) rotate(-180deg)}[dir=ltr] .Icon_rotate270__1Ss7L&gt;svg{-webkit-transform:rotate(270deg);transform:rotate(270deg)}[dir=rtl] .Icon_rotate270__1Ss7L&gt;svg{-webkit-transform:rotate(-270deg);transform:rotate(-270deg)}[dir=ltr] .Icon_rotate270__1Ss7L.Icon_flip__3i32J&gt;svg{-webkit-transform:scaleX(-1) rotate(270deg);transform:scaleX(-1) rotate(270deg)}[dir=rtl] .Icon_rotate270__1Ss7L.Icon_flip__3i32J&gt;svg{-webkit-transform:scaleX(-1) rotate(-270deg);transform:scaleX(-1) rotate(-270deg)}.Icon_inheritFill__3o8Wj [fill]{fill:inherit}.Icon_inheritStroke__kM5Qy [stroke]{stroke:inherit}.Icon_inheritStrokeWidth__2G1Iz [stroke-width]{stroke-width:inherit}.Icon_isBlock__2fOoX,.Icon_isBlock__2fOoX&gt;svg{display:block}.MenuDesktop_container__21qss{height:100%}.MenuDesktop_list__1dRxp{height:100%;display:-webkit-box;display:-webkit-flex;display:flex}.MenuDesktop_item__3sGKE{height:100%}.ControlButton_container__2F9Nv{height:100%;position:relative}.ControlButton_button__r3jp5{height:100%;-webkit-transition:background-color .2s,border-color .2s;transition:background-color .2s,border-color .2s}[dir] .ControlButton_button__r3jp5{padding:.5em 1em;cursor:pointer;border:2px solid transparent;border-radius:10px}[dir] .ControlButton_button__r3jp5:hover{background-color:#e5f2f6}.ControlButton_button__r3jp5:focus,.ControlButton_isActive__3PbAK .ControlButton_button__r3jp5{outline:none}[dir] .ControlButton_button__r3jp5:focus,[dir] .ControlButton_isActive__3PbAK .ControlButton_button__r3jp5{box-shadow:none;border-color:#3f9fc1;background-color:#e5f2f6}.ControlButton_label__ZOsZ6{display:block;overflow:hidden;text-overflow:ellipsis;white-space:nowrap}[dir] .ControlButton_label__ZOsZ6{margin-bottom:.75em}.ControlButton_value__3za6s{display:-webkit-box;display:-webkit-flex;display:flex;height:1.75em;-webkit-box-align:center;-webkit-align-items:center;align-items:center}.ControlButton_value__3za6s.ControlButton_overflowEllipsis__3sfBP{overflow:hidden;text-overflow:ellipsis;white-space:nowrap}.ControlButton_fullHeight__SPHG-{height:100%}.ControlButton_control__rcRs3{min-width:100%;z-index:1;position:absolute}[dir=ltr] .ControlButton_control__rcRs3.ControlButton_controlRight__2f00x{right:0}[dir=rtl] .ControlButton_control__rcRs3.ControlButton_controlRight__2f00x{left:0}[dir] .ControlPanel_container__1fO6_{border-radius:10px;box-shadow:0 5px 20px rgba(41,51,57,.2);background-color:#fff;padding:.75em 0;margin-top:10px}.CurrencySelect_container__1pK6v{scrollbar-width:thin;scrollbar-color:#9ba2a6 transparent;max-height:300px;overflow-y:auto;overflow-x:hidden}.CurrencySelect_container__1pK6v::-webkit-scrollbar{width:4px}[dir] .CurrencySelect_container__1pK6v::-webkit-scrollbar-track{background:transparent}[dir] .CurrencySelect_container__1pK6v::-webkit-scrollbar-thumb{background-color:#9ba2a6;border-radius:3px;border:3px solid transparent}[dir] .CurrencySelect_container__1pK6v&gt;*+*{margin-top:.75em}.CurrencySelect_fluid__2pQZ8{max-height:none}.CurrencyList_container__3H8uS{display:block}[dir] .CurrencyList_header__2Epf5{margin:0;padding:.5em 1.25em}.Button_button__1uuDa{display:inline-block;color:inherit;font:inherit;text-decoration:none;-webkit-user-select:none;-ms-user-select:none;user-select:none;touch-action:manipulation;overflow:hidden;text-overflow:ellipsis;white-space:nowrap;min-width:0}[dir] .Button_button__1uuDa{padding:0;background-color:transparent;background-repeat:no-repeat;background-position:50%;background-size:cover;border:transparent;text-align:center;cursor:pointer}.Button_button__1uuDa:hover{text-decoration:none}[dir] .Button_button__1uuDa.Button_isDisabled__2YvRO,[dir] .Button_button__1uuDa:disabled{cursor:auto}.Button_button__1uuDa:focus{outline:none}[dir] .Button_button__1uuDa:focus{box-shadow:inset 0 0 0 1px #293339,inset 0 0 0 2px rgba(41,51,57,.75)}@supports(outline-offset:0){.Button_button__1uuDa:focus{outline:1px dotted #293339;outline-offset:-3px}[dir] .Button_button__1uuDa:focus{box-shadow:none}}.Button_outlineOffsetNone__OvEz_:focus{outline-offset:0}[dir=ltr] .Button_text-align-left__pHfMn{text-align:left}[dir=rtl] .Button_text-align-left__pHfMn{text-align:right}[dir] .Button_text-align-center__1iMY0{text-align:center}[dir=ltr] .Button_text-align-right__BwJYc{text-align:right}[dir=rtl] .Button_text-align-right__BwJYc{text-align:left}.Button_white-space-normal__y-sT2{white-space:normal}.Button_white-space-nowrap__3UDn9{white-space:nowrap}[dir] .Button_paddingVerticalXxs__2aleU{padding-top:.25em;padding-bottom:.25em}[dir] .Button_paddingVerticalXs__3am6a{padding-top:.5em;padding-bottom:.5em}[dir] .Button_paddingVerticalSm__3invU{padding-top:.75em;padding-bottom:.75em}[dir] .Button_paddingVerticalMd__1vTMP{padding-top:1em;padding-bottom:1em}[dir] .Button_paddingVerticalLg__2RcZj{padding-top:1.25em;padding-bottom:1.25em}[dir] .Button_paddingVerticalXl__2Yckl{padding-top:1.5em;padding-bottom:1.5em}[dir=ltr] .Button_paddingHorizontalXxs__3I3c9,[dir=rtl] .Button_paddingHorizontalXxs__3I3c9{padding-left:.25em;padding-right:.25em}[dir=ltr] .Button_paddingHorizontalXs__3Y_yb,[dir=rtl] .Button_paddingHorizontalXs__3Y_yb{padding-left:.5em;padding-right:.5em}[dir=ltr] .Button_paddingHorizontalSm__nyinV,[dir=rtl] .Button_paddingHorizontalSm__nyinV{padding-left:.75em;padding-right:.75em}[dir=ltr] .Button_paddingHorizontalMd__25dRy,[dir=rtl] .Button_paddingHorizontalMd__25dRy{padding-left:1em;padding-right:1em}[dir=ltr] .Button_paddingHorizontalLg__2Fx6w,[dir=rtl] .Button_paddingHorizontalLg__2Fx6w{padding-left:1.25em;padding-right:1.25em}[dir=ltr] .Button_paddingHorizontalXl__2G3vi,[dir=rtl] .Button_paddingHorizontalXl__2G3vi{padding-left:1.5em;padding-right:1.5em}.Button_outlineLight__3RDPH:focus{outline:none}[dir] .Button_outlineLight__3RDPH:focus{box-shadow:inset 0 0 0 1px #fff,inset 0 0 0 2px hsla(0,0%,100%,.75)}@supports(outline-offset:0){.Button_outlineLight__3RDPH:focus{outline:1px dotted #fff;outline-offset:-3px}[dir] .Button_outlineLight__3RDPH:focus{box-shadow:none}}[dir] .Button_border-radius-sm__fIPfi{border-radius:4px}[dir] .Button_border-radius-md__2K_XT{border-radius:6px}[dir] .Button_border-radius-lg__37Cyt{border-radius:10px}[dir] .Button_hasBorder__1cmU-{border-bottom:1px solid transparent}.Button_contain__3mhnc{height:100%}.Button_contain__3mhnc,.Button_isBlock__27Wua{display:block;width:100%}.Button_isBold__4Hjca{font-weight:700}[dir] .Button_isCircle__MnR5A{border-radius:9999px}.Button_isCircle__MnR5A:focus{outline:none}.Button_hasHoverTransition__GSIMM{-webkit-transition:background-color .2s;transition:background-color .2s}[dir] .Button_variant-transparent__1_1O6{background-color:transparent}.Button_variant-basic__sumyL,.Button_variant-basicBordered__38WPj{color:inherit}[dir] .Button_variant-basic__sumyL,[dir] .Button_variant-basicBordered__38WPj{background-color:transparent;border-color:transparent}.Button_variant-basic__sumyL:active,.Button_variant-basic__sumyL:hover,.Button_variant-basicBordered__38WPj:active,.Button_variant-basicBordered__38WPj:hover{color:inherit}[dir] .Button_variant-basic__sumyL:active,[dir] .Button_variant-basic__sumyL:hover,[dir] .Button_variant-basicBordered__38WPj:active,[dir] .Button_variant-basicBordered__38WPj:hover{background-color:#ebeced;border-color:transparent}.Button_variant-basic__sumyL:focus,.Button_variant-basicBordered__38WPj:focus{color:inherit}[dir] .Button_variant-basic__sumyL:focus,[dir] .Button_variant-basicBordered__38WPj:focus{background-color:transparent;border-color:transparent}.Button_variant-basic__sumyL:focus:hover,.Button_variant-basicBordered__38WPj:focus:hover{color:inherit}[dir] .Button_variant-basic__sumyL:focus:hover,[dir] .Button_variant-basicBordered__38WPj:focus:hover{background-color:#ebeced;border-color:transparent}[dir] .Button_isDisabled__2YvRO.Button_variant-basicBordered__38WPj,[dir] .Button_variant-basic__sumyL.Button_isDisabled__2YvRO,[dir] .Button_variant-basic__sumyL:disabled,[dir] .Button_variant-basicBordered__38WPj:disabled{background-color:transparent}.Button_isDisabled__2YvRO.Button_variant-basicBordered__38WPj:focus,.Button_variant-basic__sumyL.Button_isDisabled__2YvRO:focus,.Button_variant-basic__sumyL:disabled:focus,.Button_variant-basicBordered__38WPj:disabled:focus{color:#9ba2a6}[dir] .Button_isDisabled__2YvRO.Button_variant-basicBordered__38WPj:focus,[dir] .Button_variant-basic__sumyL.Button_isDisabled__2YvRO:focus,[dir] .Button_variant-basic__sumyL:disabled:focus,[dir] .Button_variant-basicBordered__38WPj:disabled:focus{background-color:transparent;border-color:transparent}.Button_isDisabled__2YvRO.Button_variant-basicBordered__38WPj:focus:hover,.Button_variant-basic__sumyL.Button_isDisabled__2YvRO:focus:hover,.Button_variant-basic__sumyL:disabled:focus:hover,.Button_variant-basicBordered__38WPj:disabled:focus:hover{color:#9ba2a6}[dir] .Button_isDisabled__2YvRO.Button_variant-basicBordered__38WPj:focus:hover,[dir] .Button_variant-basic__sumyL.Button_isDisabled__2YvRO:focus:hover,[dir] .Button_variant-basic__sumyL:disabled:focus:hover,[dir] .Button_variant-basicBordered__38WPj:disabled:focus:hover{background-color:transparent;border-color:transparent}.Button_isDisabled__2YvRO.Button_variant-basicBordered__38WPj,.Button_variant-basic__sumyL.Button_isDisabled__2YvRO,.Button_variant-basic__sumyL:disabled,.Button_variant-basicBordered__38WPj:disabled{color:#9ba2a6}[dir] .Button_isDisabled__2YvRO.Button_variant-basicBordered__38WPj,[dir] .Button_variant-basic__sumyL.Button_isDisabled__2YvRO,[dir] .Button_variant-basic__sumyL:disabled,[dir] .Button_variant-basicBordered__38WPj:disabled{background:transparent;border-color:transparent}.Button_isActive__1pl08.Button_variant-basicBordered__38WPj,.Button_variant-basic__sumyL.Button_isActive__1pl08{color:inherit}[dir] .Button_isActive__1pl08.Button_variant-basicBordered__38WPj,[dir] .Button_variant-basic__sumyL.Button_isActive__1pl08{background-color:#ebeced;border-color:transparent}.Button_variant-basic__sumyL:focus,.Button_variant-basicBordered__38WPj:focus{outline:none}[dir] .Button_variant-basic__sumyL:focus,[dir] .Button_variant-basicBordered__38WPj:focus{box-shadow:inset 0 0 0 1px #293339,inset 0 0 0 2px rgba(41,51,57,.75)}@supports(outline-offset:0){.Button_variant-basic__sumyL:focus,.Button_variant-basicBordered__38WPj:focus{outline:1px dotted #293339;outline-offset:-3px}[dir] .Button_variant-basic__sumyL:focus,[dir] .Button_variant-basicBordered__38WPj:focus{box-shadow:none}}[dir] .Button_variant-basicBordered__38WPj{border:1px solid #ebeced}.Button_variant-basicBlue__rfLgl{color:inherit}[dir] .Button_variant-basicBlue__rfLgl{background-color:#fff;border-color:transparent}.Button_variant-basicBlue__rfLgl:active,.Button_variant-basicBlue__rfLgl:hover{color:inherit}[dir] .Button_variant-basicBlue__rfLgl:active,[dir] .Button_variant-basicBlue__rfLgl:hover{background-color:#e5f2f6;border-color:transparent}.Button_variant-basicBlue__rfLgl:focus{color:inherit}[dir] .Button_variant-basicBlue__rfLgl:focus{background-color:transparent;border-color:transparent}.Button_variant-basicBlue__rfLgl:focus:hover{color:inherit}[dir] .Button_variant-basicBlue__rfLgl:focus:hover{background-color:#e5f2f6;border-color:transparent}[dir] .Button_variant-basicBlue__rfLgl.Button_isDisabled__2YvRO,[dir] .Button_variant-basicBlue__rfLgl:disabled{background-color:transparent}.Button_variant-basicBlue__rfLgl.Button_isDisabled__2YvRO:focus,.Button_variant-basicBlue__rfLgl:disabled:focus{color:#7fbfd6}[dir] .Button_variant-basicBlue__rfLgl.Button_isDisabled__2YvRO:focus,[dir] .Button_variant-basicBlue__rfLgl:disabled:focus{background-color:transparent;border-color:transparent}.Button_variant-basicBlue__rfLgl.Button_isDisabled__2YvRO:focus:hover,.Button_variant-basicBlue__rfLgl:disabled:focus:hover{color:#7fbfd6}[dir] .Button_variant-basicBlue__rfLgl.Button_isDisabled__2YvRO:focus:hover,[dir] .Button_variant-basicBlue__rfLgl:disabled:focus:hover{background-color:transparent;border-color:transparent}.Button_variant-basicBlue__rfLgl.Button_isDisabled__2YvRO,.Button_variant-basicBlue__rfLgl:disabled{color:#7fbfd6}[dir] .Button_variant-basicBlue__rfLgl.Button_isDisabled__2YvRO,[dir] .Button_variant-basicBlue__rfLgl:disabled{background:transparent;border-color:transparent}.Button_variant-basicBlue__rfLgl.Button_isActive__1pl08{color:inherit}[dir] .Button_variant-basicBlue__rfLgl.Button_isActive__1pl08{background-color:#e5f2f6;border-color:transparent}.Button_variant-basicBlue__rfLgl:focus{outline:none}[dir] .Button_variant-basicBlue__rfLgl:focus{box-shadow:inset 0 0 0 1px #293339,inset 0 0 0 2px rgba(41,51,57,.75)}@supports(outline-offset:0){.Button_variant-basicBlue__rfLgl:focus{outline:1px dotted #293339;outline-offset:-3px}[dir] .Button_variant-basicBlue__rfLgl:focus{box-shadow:none}}.Button_variant-filled__1qjxd{opacity:.8;-webkit-transition:opacity .2s;transition:opacity .2s}[dir] .Button_variant-filled__1qjxd{background-color:#fff}.Button_variant-filled__1qjxd:hover{opacity:1}.Button_variant-primary__mzG_0{color:#fff;-webkit-transition:background-color .2s;transition:background-color .2s;font-weight:700}[dir] .Button_variant-primary__mzG_0{background-color:#007fad;border-bottom:1px solid #005f81}[dir] .Button_variant-primary__mzG_0.Button_isActive__1pl08{background-color:#005f81}.Button_variant-primary__mzG_0:focus{outline:none}[dir] .Button_variant-primary__mzG_0:focus{box-shadow:inset 0 0 0 1px #fff,inset 0 0 0 2px hsla(0,0%,100%,.75)}@supports(outline-offset:0){.Button_variant-primary__mzG_0:focus{outline:1px dotted #fff;outline-offset:-3px}[dir] .Button_variant-primary__mzG_0:focus{box-shadow:none}}.Button_variant-primary__mzG_0:active,.Button_variant-primary__mzG_0:hover{color:#fff}[dir] .Button_variant-primary__mzG_0:active,[dir] .Button_variant-primary__mzG_0:hover{background-color:#005f81;border-color:#005f81}.Button_variant-primary__mzG_0:focus{color:#fff}[dir] .Button_variant-primary__mzG_0:focus{background-color:#007fad;border-color:#007fad}.Button_variant-primary__mzG_0:focus:hover{color:#fff}[dir] .Button_variant-primary__mzG_0:focus:hover{background-color:#005f81;border-color:#005f81}.Button_variant-primary__mzG_0.Button_isDisabled__2YvRO,.Button_variant-primary__mzG_0:disabled{color:#fff}[dir] .Button_variant-primary__mzG_0.Button_isDisabled__2YvRO,[dir] .Button_variant-primary__mzG_0:disabled{background-color:#bfdfea;border-color:#bfdfea}.Button_variant-primary__mzG_0.Button_isDisabled__2YvRO:focus,.Button_variant-primary__mzG_0:disabled:focus{color:#fff}[dir] .Button_variant-primary__mzG_0.Button_isDisabled__2YvRO:focus,[dir] .Button_variant-primary__mzG_0:disabled:focus{background-color:#bfdfea;border-color:#bfdfea}.Button_variant-primary__mzG_0.Button_isDisabled__2YvRO:focus:hover,.Button_variant-primary__mzG_0:disabled:focus:hover{color:#fff}[dir] .Button_variant-primary__mzG_0.Button_isDisabled__2YvRO:focus:hover,[dir] .Button_variant-primary__mzG_0:disabled:focus:hover{background-color:#bfdfea;border-color:#bfdfea}[dir] .Button_variant-primary__mzG_0.Button_isActive__1pl08.Button_backgroundImageButton__t7Pm5{background-color:#005f81}.Button_variant-secondary__1H57a{color:#fff;-webkit-transition:background-color .2s;transition:background-color .2s;font-weight:700}[dir] .Button_variant-secondary__1H57a{background-color:#697379;border-bottom:1px solid #293339}[dir] .Button_variant-secondary__1H57a.Button_isActive__1pl08{background-color:#293339}.Button_variant-secondary__1H57a:focus{outline:none}[dir] .Button_variant-secondary__1H57a:focus{box-shadow:inset 0 0 0 1px #fff,inset 0 0 0 2px hsla(0,0%,100%,.75)}@supports(outline-offset:0){.Button_variant-secondary__1H57a:focus{outline:1px dotted #fff;outline-offset:-3px}[dir] .Button_variant-secondary__1H57a:focus{box-shadow:none}}.Button_variant-secondary__1H57a:active,.Button_variant-secondary__1H57a:hover{color:#fff}[dir] .Button_variant-secondary__1H57a:active,[dir] .Button_variant-secondary__1H57a:hover{background-color:#293339;border-color:#293339}.Button_variant-secondary__1H57a:focus{color:#fff}[dir] .Button_variant-secondary__1H57a:focus{background-color:#37454d;border-color:#37454d}.Button_variant-secondary__1H57a:focus:hover{color:#fff}[dir] .Button_variant-secondary__1H57a:focus:hover{background-color:#293339;border-color:#293339}.Button_variant-secondary__1H57a.Button_isDisabled__2YvRO,.Button_variant-secondary__1H57a:disabled{color:#fff}[dir] .Button_variant-secondary__1H57a.Button_isDisabled__2YvRO,[dir] .Button_variant-secondary__1H57a:disabled{background-color:#cdd0d2;border-color:#cdd0d2}.Button_variant-secondary__1H57a.Button_isDisabled__2YvRO:focus,.Button_variant-secondary__1H57a:disabled:focus{color:#fff}[dir] .Button_variant-secondary__1H57a.Button_isDisabled__2YvRO:focus,[dir] .Button_variant-secondary__1H57a:disabled:focus{background-color:#cdd0d2;border-color:#cdd0d2}.Button_variant-secondary__1H57a.Button_isDisabled__2YvRO:focus:hover,.Button_variant-secondary__1H57a:disabled:focus:hover{color:#fff}[dir] .Button_variant-secondary__1H57a.Button_isDisabled__2YvRO:focus:hover,[dir] .Button_variant-secondary__1H57a:disabled:focus:hover{background-color:#cdd0d2;border-color:#cdd0d2}.Button_variant-tertiary__2EGXd{color:#37454d;font-weight:700}[dir] .Button_variant-tertiary__2EGXd{background-color:#fff;border:1px solid #697379}.Button_variant-tertiary__2EGXd.Button_isActive__1pl08{color:#fff}[dir] .Button_variant-tertiary__2EGXd.Button_isActive__1pl08{background-color:#697379}.Button_variant-tertiary__2EGXd:active,.Button_variant-tertiary__2EGXd:hover{color:#fff}[dir] .Button_variant-tertiary__2EGXd:active,[dir] .Button_variant-tertiary__2EGXd:hover{background-color:#697379}.Button_variant-tertiary__2EGXd.Button_isDisabled__2YvRO,.Button_variant-tertiary__2EGXd:disabled{color:#cdd0d2}[dir] .Button_variant-tertiary__2EGXd.Button_isDisabled__2YvRO,[dir] .Button_variant-tertiary__2EGXd:disabled{border-color:#cdd0d2;background-color:#fff}.Button_variant-quaternary__3XwM1{color:#007fad;font-weight:700}[dir] .Button_variant-quaternary__3XwM1{background-color:#fff;border:1px solid #007fad}.Button_variant-quaternary__3XwM1.Button_isActive__1pl08{color:#fff}[dir] .Button_variant-quaternary__3XwM1.Button_isActive__1pl08{background-color:#007fad}.Button_variant-quaternary__3XwM1:active,.Button_variant-quaternary__3XwM1:hover{color:#fff}[dir] .Button_variant-quaternary__3XwM1:active,[dir] .Button_variant-quaternary__3XwM1:hover{background-color:#007fad}.Button_variant-quaternary__3XwM1.Button_isDisabled__2YvRO,.Button_variant-quaternary__3XwM1:disabled{color:#7fbfd6}[dir] .Button_variant-quaternary__3XwM1.Button_isDisabled__2YvRO,[dir] .Button_variant-quaternary__3XwM1:disabled{border-color:#7fbfd6;background-color:#fff}.Button_variant-ghost__3BmH9{color:#007fad}[dir] .Button_variant-ghost__3BmH9{background-color:#fff;border:2px solid #007fad;border-radius:4px}.Button_variant-ghost__3BmH9.Button_isActive__1pl08{color:#fff}[dir] .Button_variant-ghost__3BmH9.Button_isActive__1pl08{background-color:#697379}.Button_variant-ghost__3BmH9:active,.Button_variant-ghost__3BmH9:hover{color:#005f81}[dir] .Button_variant-ghost__3BmH9:active,[dir] .Button_variant-ghost__3BmH9:hover{border:2px solid #005f81}.Button_variant-ghost__3BmH9.Button_isDisabled__2YvRO,.Button_variant-ghost__3BmH9:disabled{color:#cdd0d2}[dir] .Button_variant-ghost__3BmH9.Button_isDisabled__2YvRO,[dir] .Button_variant-ghost__3BmH9:disabled{border-color:#cdd0d2;background-color:#fff}[dir] .Button_variant-ghost__3BmH9.Button_paddingVerticalXxs__2aleU{padding-top:calc(.25em - 1px);padding-bottom:calc(.25em - 1px)}[dir] .Button_variant-ghost__3BmH9.Button_paddingVerticalXs__3am6a{padding-top:calc(.5em - 1px);padding-bottom:calc(.5em - 1px)}[dir] .Button_variant-ghost__3BmH9.Button_paddingVerticalSm__3invU{padding-top:calc(.75em - 1px);padding-bottom:calc(.75em - 1px)}[dir] .Button_variant-ghost__3BmH9.Button_paddingVerticalMd__1vTMP{padding-top:calc(1em - 1px);padding-bottom:calc(1em - 1px)}[dir] .Button_variant-ghost__3BmH9.Button_paddingVerticalLg__2RcZj{padding-top:calc(1.25em - 1px);padding-bottom:calc(1.25em - 1px)}[dir] .Button_variant-ghost__3BmH9.Button_paddingVerticalXl__2Yckl{padding-top:calc(1.5em - 1px);padding-bottom:calc(1.5em - 1px)}.Button_variant-positive__3r9AG{color:#fff;-webkit-transition:background-color .2s;transition:background-color .2s;font-weight:700}[dir] .Button_variant-positive__3r9AG{background-color:#428500;border-bottom:1px solid #316300}[dir] .Button_variant-positive__3r9AG.Button_isActive__1pl08{background-color:#316300}.Button_variant-positive__3r9AG:focus{outline:none}[dir] .Button_variant-positive__3r9AG:focus{box-shadow:inset 0 0 0 1px #fff,inset 0 0 0 2px hsla(0,0%,100%,.75)}@supports(outline-offset:0){.Button_variant-positive__3r9AG:focus{outline:1px dotted #fff;outline-offset:-3px}[dir] .Button_variant-positive__3r9AG:focus{box-shadow:none}}.Button_variant-positive__3r9AG:active,.Button_variant-positive__3r9AG:hover{color:#fff}[dir] .Button_variant-positive__3r9AG:active,[dir] .Button_variant-positive__3r9AG:hover{background-color:#316300;border-color:#316300}.Button_variant-positive__3r9AG:focus{color:#fff}[dir] .Button_variant-positive__3r9AG:focus{background-color:#428500;border-color:#428500}.Button_variant-positive__3r9AG:focus:hover{color:#fff}[dir] .Button_variant-positive__3r9AG:focus:hover{background-color:#316300;border-color:#316300}.Button_variant-positive__3r9AG.Button_isDisabled__2YvRO,.Button_variant-positive__3r9AG:disabled{color:#fff}[dir] .Button_variant-positive__3r9AG.Button_isDisabled__2YvRO,[dir] .Button_variant-positive__3r9AG:disabled{background-color:#cfe0bf;border-color:#cfe0bf}.Button_variant-positive__3r9AG.Button_isDisabled__2YvRO:focus,.Button_variant-positive__3r9AG:disabled:focus{color:#fff}[dir] .Button_variant-positive__3r9AG.Button_isDisabled__2YvRO:focus,[dir] .Button_variant-positive__3r9AG:disabled:focus{background-color:#cfe0bf;border-color:#cfe0bf}.Button_variant-positive__3r9AG.Button_isDisabled__2YvRO:focus:hover,.Button_variant-positive__3r9AG:disabled:focus:hover{color:#fff}[dir] .Button_variant-positive__3r9AG.Button_isDisabled__2YvRO:focus:hover,[dir] .Button_variant-positive__3r9AG:disabled:focus:hover{background-color:#cfe0bf;border-color:#cfe0bf}.Button_variant-negative__2adG7{color:#fff;-webkit-transition:background-color .2s;transition:background-color .2s;font-weight:700}[dir] .Button_variant-negative__2adG7{background-color:#c94a30;border-bottom:1px solid #963724}[dir] .Button_variant-negative__2adG7.Button_isActive__1pl08{background-color:#963724}.Button_variant-negative__2adG7:focus{outline:none}[dir] .Button_variant-negative__2adG7:focus{box-shadow:inset 0 0 0 1px #fff,inset 0 0 0 2px hsla(0,0%,100%,.75)}@supports(outline-offset:0){.Button_variant-negative__2adG7:focus{outline:1px dotted #fff;outline-offset:-3px}[dir] .Button_variant-negative__2adG7:focus{box-shadow:none}}.Button_variant-negative__2adG7:active,.Button_variant-negative__2adG7:hover{color:#fff}[dir] .Button_variant-negative__2adG7:active,[dir] .Button_variant-negative__2adG7:hover{background-color:#963724;border-color:#963724}.Button_variant-negative__2adG7:focus{color:#fff}[dir] .Button_variant-negative__2adG7:focus{background-color:#c94a30;border-color:#c94a30}.Button_variant-negative__2adG7:focus:hover{color:#fff}[dir] .Button_variant-negative__2adG7:focus:hover{background-color:#963724;border-color:#963724}.Button_variant-negative__2adG7.Button_isDisabled__2YvRO,.Button_variant-negative__2adG7:disabled{color:#fff}[dir] .Button_variant-negative__2adG7.Button_isDisabled__2YvRO,[dir] .Button_variant-negative__2adG7:disabled{background-color:#f1d1cb;border-color:#f1d1cb}.Button_variant-negative__2adG7.Button_isDisabled__2YvRO:focus,.Button_variant-negative__2adG7:disabled:focus{color:#fff}[dir] .Button_variant-negative__2adG7.Button_isDisabled__2YvRO:focus,[dir] .Button_variant-negative__2adG7:disabled:focus{background-color:#f1d1cb;border-color:#f1d1cb}.Button_variant-negative__2adG7.Button_isDisabled__2YvRO:focus:hover,.Button_variant-negative__2adG7:disabled:focus:hover{color:#fff}[dir] .Button_variant-negative__2adG7.Button_isDisabled__2YvRO:focus:hover,[dir] .Button_variant-negative__2adG7:disabled:focus:hover{background-color:#f1d1cb;border-color:#f1d1cb}.Button_variant-clickout__3X8IK{color:#fff;-webkit-transition:background-color .2s;transition:background-color .2s;font-weight:700}[dir] .Button_variant-clickout__3X8IK{padding:.75em 1em;background-color:#428500;border-bottom:1px solid #316300}[dir] .Button_variant-clickout__3X8IK.Button_isActive__1pl08{background-color:#316300}.Button_variant-clickout__3X8IK:focus{outline:none}[dir] .Button_variant-clickout__3X8IK:focus{box-shadow:inset 0 0 0 1px #fff,inset 0 0 0 2px hsla(0,0%,100%,.75)}@supports(outline-offset:0){.Button_variant-clickout__3X8IK:focus{outline:1px dotted #fff;outline-offset:-3px}[dir] .Button_variant-clickout__3X8IK:focus{box-shadow:none}}.Button_variant-clickout__3X8IK:active,.Button_variant-clickout__3X8IK:hover{color:#fff}[dir] .Button_variant-clickout__3X8IK:active,[dir] .Button_variant-clickout__3X8IK:hover{background-color:#316300;border-color:#316300}.Button_variant-clickout__3X8IK:focus{color:#fff}[dir] .Button_variant-clickout__3X8IK:focus{background-color:#428500;border-color:#428500}.Button_variant-clickout__3X8IK:focus:hover{color:#fff}[dir] .Button_variant-clickout__3X8IK:focus:hover{background-color:#316300;border-color:#316300}.Button_variant-clickout__3X8IK.Button_isDisabled__2YvRO,.Button_variant-clickout__3X8IK:disabled{color:#fff}[dir] .Button_variant-clickout__3X8IK.Button_isDisabled__2YvRO,[dir] .Button_variant-clickout__3X8IK:disabled{background-color:#cdd0d2;border-color:#cdd0d2}.Button_variant-clickout__3X8IK.Button_isDisabled__2YvRO:focus,.Button_variant-clickout__3X8IK:disabled:focus{color:#fff}[dir] .Button_variant-clickout__3X8IK.Button_isDisabled__2YvRO:focus,[dir] .Button_variant-clickout__3X8IK:disabled:focus{background-color:#cdd0d2;border-color:#cdd0d2}.Button_variant-clickout__3X8IK.Button_isDisabled__2YvRO:focus:hover,.Button_variant-clickout__3X8IK:disabled:focus:hover{color:#fff}[dir] .Button_variant-clickout__3X8IK.Button_isDisabled__2YvRO:focus:hover,[dir] .Button_variant-clickout__3X8IK:disabled:focus:hover{background-color:#cdd0d2;border-color:#cdd0d2}.Button_variant-tab__kHSmI{font-weight:700;color:#697379}[dir] .Button_variant-tab__kHSmI{border-top:2px solid transparent;border-bottom:2px solid transparent}.Button_variant-tab__kHSmI:hover:not(:disabled){color:#293339}[dir] .Button_variant-tab__kHSmI:hover:not(:disabled){background-color:#ebeced}.Button_variant-tab__kHSmI:disabled{color:#cdd0d2}.Button_variant-tab__kHSmI.Button_isActive__1pl08,.Button_variant-tab__kHSmI.Button_isActive__1pl08:hover{color:#007fad}[dir] .Button_variant-tab__kHSmI.Button_isActive__1pl08,[dir] .Button_variant-tab__kHSmI.Button_isActive__1pl08:hover{border-bottom-color:#007fad}[dir] .Button_variant-clickoutArea__2Aahk{background-color:#ecf3e6}[dir] .Button_variant-clickoutArea__2Aahk.Button_isDisabled__2YvRO,[dir] .Button_variant-clickoutArea__2Aahk:disabled{background-color:#f5f5f6}.Button_variant-map__1MEw-{color:#697379}[dir] .Button_variant-map__1MEw-{background-color:#fff;border-radius:2px;box-shadow:0 1px 4px rgba(41,51,57,.2)}.Button_variant-map__1MEw-:hover{color:#293339}.Button_backgroundImageButton__t7Pm5{background-blend-mode:multiply;-webkit-transition:background-color .2s;transition:background-color .2s}[dir] .Button_backgroundImageButton__t7Pm5{background-color:#697379}[dir] .Button_backgroundImageButton__t7Pm5:hover{background-color:#37454d}[dir] .Button_backgroundImageButton__t7Pm5:focus{background-color:#007fad}.ControlSelectItem_item__3g4Ux{display:-webkit-box;display:-webkit-flex;display:flex;-webkit-box-align:center;-webkit-align-items:center;align-items:center;overflow:hidden;text-overflow:ellipsis;white-space:nowrap}.ControlSelectItem_icon__3sDda{color:#007fad;width:1em;height:1em;visibility:hidden;-webkit-flex-shrink:0;flex-shrink:0;-webkit-box-flex:0;-webkit-flex-grow:0;flex-grow:0}[dir=ltr] .ControlSelectItem_icon__3sDda{margin-right:.75em}[dir=rtl] .ControlSelectItem_icon__3sDda{margin-left:.75em}[dir] .ControlSelectItem_icon__3sDda.ControlSelectItem_checkbox__e4ZUo{background-color:#e5f2f6;border-radius:1.5em}.ControlSelectItem_icon__3sDda.ControlSelectItem_radio__z5LCk,.ControlSelectItem_isActive__3Nhd9 .ControlSelectItem_icon__3sDda.ControlSelectItem_checkbox__e4ZUo{visibility:visible}[dir] .ControlSelectItem_icon__3sDda.ControlSelectItem_radio__z5LCk{border-radius:3px;border:1px solid #007fad}[dir] .ControlSelectItem_isActive__3Nhd9 .ControlSelectItem_icon__3sDda.ControlSelectItem_radio__z5LCk{background-color:#e5f2f6;border-radius:3px;border:1px solid #007fad}.ControlSelectItem_isActive__3Nhd9 .ControlSelectItem_label__IbRcQ{font-weight:700}.MenuMobile_container__lc8Pg{display:-webkit-box;display:-webkit-flex;display:flex;-webkit-box-align:center;-webkit-align-items:center;align-items:center}.OverlayPortal_container__39B8A{position:fixed;overflow-y:auto;top:0;bottom:0;z-index:4000}[dir=ltr] .OverlayPortal_container__39B8A,[dir=rtl] .OverlayPortal_container__39B8A{left:0;right:0}.OverlayPortal_bodyFreeze__2ynab{overflow:hidden;touch-action:none;-webkit-overflow-scrolling:auto;-ms-scroll-chaining:none;overscroll-behavior:none}[dir=ltr] .OverlayPortal_bodyFreeze__2ynab{padding-right:15px}[dir=rtl] .OverlayPortal_bodyFreeze__2ynab{padding-left:15px}.OverlayPortal_bodyFreeze__2ynab.OverlayPortal_fixed__cLPeY{position:fixed}.ControlsOverlay_portal__3MwM-{height:100%}[dir] .ControlsOverlay_portal__3MwM-{background-color:#fff}.OverlayView_container__3Oxvm{height:100%;display:-webkit-box;display:-webkit-flex;display:flex;-webkit-box-orient:vertical;-webkit-box-direction:normal;-webkit-flex-direction:column;flex-direction:column}.OverlayView_header__3eO8T{-webkit-box-flex:0;-webkit-flex-grow:0;flex-grow:0;-webkit-flex-shrink:0;flex-shrink:0}.OverlayView_body__2qB_d{-webkit-box-flex:1;-webkit-flex-grow:1;flex-grow:1;overflow-y:auto}.OverlayView_footer__2mHbM{display:-webkit-box;display:-webkit-flex;display:flex;-webkit-box-flex:0;-webkit-flex-grow:0;flex-grow:0;-webkit-flex-shrink:0;flex-shrink:0}[dir] .OverlayView_footer__2mHbM,[dir] .OverviewOverlay_container__3CpuV{padding:1.25em}.OverviewOverlay_button__1pl7S{display:inline-block;color:inherit;font:inherit;text-decoration:none;-webkit-user-select:none;-ms-user-select:none;user-select:none;touch-action:manipulation;overflow:hidden;text-overflow:ellipsis;white-space:nowrap;min-width:0;display:-webkit-box;display:-webkit-flex;display:flex;-webkit-box-orient:vertical;-webkit-box-direction:normal;-webkit-flex-direction:column;flex-direction:column;font-weight:700;font-size:16px}[dir] .OverviewOverlay_button__1pl7S{background-color:transparent;background-repeat:no-repeat;background-position:50%;background-size:cover;text-align:center;cursor:pointer;padding:1.25em 1em;border:transparent;border-top:1px solid #cdd0d2}[dir=ltr] .OverviewOverlay_button__1pl7S{text-align:left}[dir=rtl] .OverviewOverlay_button__1pl7S{text-align:right}.OverviewOverlay_button__1pl7S:hover{text-decoration:none}[dir] .OverviewOverlay_button__1pl7S.OverviewOverlay_isDisabled__2ARJj,[dir] .OverviewOverlay_button__1pl7S:disabled{cursor:auto}.OverviewOverlay_button__1pl7S:focus{outline:none}[dir] .OverviewOverlay_button__1pl7S:focus{box-shadow:inset 0 0 0 1px #293339,inset 0 0 0 2px rgba(41,51,57,.75)}@supports(outline-offset:0){.OverviewOverlay_button__1pl7S:focus{outline:1px dotted #293339;outline-offset:-3px}[dir] .OverviewOverlay_button__1pl7S:focus{box-shadow:none}}[dir] .OverviewOverlay_button__1pl7S:first-child{border-top:none}.OverviewOverlay_buttonTitle__1uTps{font-weight:400;font-size:14px}[dir] .OverviewOverlay_buttonTitle__1uTps{margin-bottom:8px}.OverviewOverlay_controls__21XhP{display:-webkit-box;display:-webkit-flex;display:flex;-webkit-flex-wrap:wrap;flex-wrap:wrap;-webkit-box-orient:vertical;-webkit-box-direction:normal;-webkit-flex-direction:column;flex-direction:column}[dir] .OverviewOverlay_controls__21XhP{box-shadow:0 10px 20px 0 rgba(41,51,57,.15),0 3px 6px 0 rgba(41,51,57,.1);border:1px solid #cdd0d2;border-radius:10px}.CurrencyOverlay_container__2W_nC{display:-webkit-box;display:-webkit-flex;display:flex;-webkit-box-orient:vertical;-webkit-box-direction:normal;-webkit-flex-direction:column;flex-direction:column;height:100%}[dir] .CurrencyOverlay_container__2W_nC{padding:1em}.CurrencyOverlay_inputWrapper__1lA9j{display:-webkit-box;display:-webkit-flex;display:flex;-webkit-box-align:center;-webkit-align-items:center;align-items:center}[dir] .CurrencyOverlay_inputWrapper__1lA9j{border-radius:10px;background-color:#e5f2f6;margin:.5em}.CurrencyOverlay_input__3hZCq{-webkit-box-flex:1;-webkit-flex-grow:1;flex-grow:1;text-overflow:ellipsis;-webkit-appearance:none;font-weight:700}[dir] .CurrencyOverlay_input__3hZCq{border:none;background-color:transparent}.CurrencyOverlay_input__3hZCq:focus{outline:0}.CurrencyOverlay_input__3hZCq::-ms-clear,.CurrencyOverlay_input__3hZCq::-ms-reveal{display:none;width:0;height:0}.CurrencyOverlay_input__3hZCq::-webkit-search-cancel-button,.CurrencyOverlay_input__3hZCq::-webkit-search-decoration,.CurrencyOverlay_input__3hZCq::-webkit-search-results-button,.CurrencyOverlay_input__3hZCq::-webkit-search-results-decoration{display:none}.CurrencyOverlay_currency__3L7xr{-webkit-box-flex:1;-webkit-flex-grow:1;flex-grow:1;scrollbar-width:thin;scrollbar-color:#9ba2a6 transparent;overflow-y:auto}.CurrencyOverlay_currency__3L7xr::-webkit-scrollbar{width:4px}[dir] .CurrencyOverlay_currency__3L7xr::-webkit-scrollbar-track{background:transparent}[dir] .CurrencyOverlay_currency__3L7xr::-webkit-scrollbar-thumb{background-color:#9ba2a6;border-radius:3px;border:3px solid transparent}.CurrencyOverlay_icon__2onP7{color:#007fad}[dir=ltr] .CurrencyOverlay_icon__2onP7{padding:.75em .75em .75em .5em}[dir=rtl] .CurrencyOverlay_icon__2onP7{padding:.75em .5em .75em .75em}[dir] .LanguageOverlay_container__ugO-b{padding:1em}.Inspiration_header__1l5yJ{display:-webkit-box;display:-webkit-flex;display:flex;-webkit-box-align:end;-webkit-align-items:flex-end;align-items:flex-end;position:relative;height:294px}[dir] .Inspiration_header__1l5yJ{background-color:#293339;background-position:50%;background-size:cover;background-repeat:no-repeat;padding-bottom:1em;margin-bottom:3em}@media(min-width:600px){.Inspiration_header__1l5yJ{height:345px}[dir] .Inspiration_header__1l5yJ{padding-bottom:1.5em}}.Inspiration_header__1l5yJ:before{position:absolute;top:0;bottom:0;content:"";display:block;opacity:.7}[dir] .Inspiration_header__1l5yJ:before{background-image:-webkit-linear-gradient(top,transparent,rgba(0,0,0,.65));background-image:linear-gradient(180deg,transparent 0,rgba(0,0,0,.65))}[dir=ltr] .Inspiration_header__1l5yJ:before,[dir=rtl] .Inspiration_header__1l5yJ:before{left:0;right:0}.Inspiration_searchFormWrapper__3DpiC{position:absolute;width:100%;z-index:1;bottom:0}[dir] .Inspiration_searchFormWrapper__3DpiC{-webkit-transform:translateY(50%);transform:translateY(50%)}[dir] .Inspiration_searchForm__3NLKF{background-color:#fff;border-radius:10px;box-shadow:0 10px 20px 0 rgba(41,51,57,.15),0 3px 6px 0 rgba(41,51,57,.1)}[dir=ltr] .Inspiration_searchForm__3NLKF,[dir=rtl] .Inspiration_searchForm__3NLKF{margin-left:auto;margin-right:auto}[dir] .Inspiration_tiles__1wPXN{padding-bottom:1.5em;padding-top:2em;background-color:#fff}[dir] .Inspiration_dealCategories__3aqjZ{padding-bottom:1em;padding-top:3.5em}@media(min-width:600px){[dir] .Inspiration_dealCategories__3aqjZ{padding-top:4.5em}}[dir] .Inspiration_rankingBadge__31DNr{padding-top:1em}[dir] .Inspiration_noResults__3Rq3V{padding:4em 0}@media(min-width:720px){[dir] .Inspiration_noResults__3Rq3V{padding:10em 0}}[dir] .Inspiration_footer__1sqJk{margin-top:2em}.Hero_hero__lb66W{position:relative;color:#fff}[dir] .Hero_hero__lb66W{text-shadow:0 0 5px rgba(0,0,0,.5);padding:2em 0}[dir=ltr] .Hero_hero__lb66W{text-align:left}[dir=rtl] .Hero_hero__lb66W{text-align:right}@media(min-width:720px){[dir] .Hero_hero__lb66W{padding:4em .75em}}.Hero_title__2RJKM{font-weight:600;font-size:24px}[dir] .Hero_title__2RJKM{margin:0 0 .25em}@media(min-width:720px){.Hero_title__2RJKM{font-size:32px}}.Hero_subline__2ikLV{font-weight:600;font-size:24px}[dir] .Hero_subline__2ikLV{margin:0 0 .5em}@media(min-width:720px){.Hero_subline__2ikLV{font-size:32px}}.SearchFormContainer_container__2oceV{width:100%}[dir=ltr] .SearchFormContainer_container__2oceV,[dir=rtl] .SearchFormContainer_container__2oceV{padding-left:1em;padding-right:1em}@media(min-width:720px){[dir=ltr] .SearchFormContainer_container__2oceV,[dir=rtl] .SearchFormContainer_container__2oceV{padding-left:1.5em;padding-right:1.5em}}.SearchFormContainer_body__atzy6{max-width:848px}[dir] .SearchFormContainer_body__atzy6{margin:0 auto}.SearchFormMobile_container__NTA-_{font-size:14px}[dir] .SearchFormMobile_container__NTA-_{border-radius:10px}[dir] .SearchFormMobile_variant-default__1u2Sa{background-color:#fff;box-shadow:0 10px 20px 0 rgba(41,51,57,.15),0 3px 6px 0 rgba(41,51,57,.1)}[dir] .SearchFormMobile_variant-highlighted__1Pa_h{background-color:#e5f2f6}.SearchFormMobile_body__3mmOv{display:-webkit-box;display:-webkit-flex;display:flex;-webkit-box-align:center;-webkit-align-items:center;align-items:center}[dir] .SearchFormMobile_body__3mmOv{padding:1em}.SearchFormMobile_icon__2GImG{color:#007fad;width:2em;-webkit-flex-shrink:0;flex-shrink:0;-webkit-box-flex:0;-webkit-flex-grow:0;flex-grow:0}[dir=ltr] .SearchFormMobile_icon__2GImG{margin-right:.5em}[dir=rtl] .SearchFormMobile_icon__2GImG{margin-left:.5em}.SearchFormMobile_label__3gJn4{display:block;overflow:hidden;text-overflow:ellipsis;white-space:nowrap;font-weight:700}[dir=ltr] .SearchFormMobile_label__3gJn4{text-align:left}[dir=rtl] .SearchFormMobile_label__3gJn4{text-align:right}.SearchFormMobile_locality__2GVJk{overflow:hidden;text-overflow:ellipsis;white-space:nowrap;display:block}[dir] .SearchFormMobile_locality__2GVJk{margin-bottom:.25em}.SearchFormMobile_stay__1qiIL{overflow:hidden;text-overflow:ellipsis;white-space:nowrap;display:-webkit-box;display:-webkit-flex;display:flex;font-weight:400;-webkit-box-align:center;-webkit-align-items:center;align-items:center}[dir=ltr] .SearchFormMobile_stay__1qiIL&gt;*+*{margin-left:.75em}[dir=rtl] .SearchFormMobile_stay__1qiIL&gt;*+*{margin-right:.75em}.RoomsGuestLabel_container__1_LxZ{display:-webkit-box;display:-webkit-flex;display:flex;height:100%;-webkit-box-align:center;-webkit-align-items:center;align-items:center}[dir=ltr] .RoomsGuestLabel_label__KiOkE+.RoomsGuestLabel_label__KiOkE{margin-left:.75em}[dir=rtl] .RoomsGuestLabel_label__KiOkE+.RoomsGuestLabel_label__KiOkE{margin-right:.75em}[dir=ltr] .RoomsGuestLabel_hasSeparator__2nAHU .RoomsGuestLabel_label__KiOkE+.RoomsGuestLabel_label__KiOkE{border-left:1px solid #cdd0d2;padding-left:.75em}[dir=rtl] .RoomsGuestLabel_hasSeparator__2nAHU .RoomsGuestLabel_label__KiOkE+.RoomsGuestLabel_label__KiOkE{border-right:1px solid #cdd0d2;padding-right:.75em}.ControlsOverlay_container__3xpX8{height:100%}[dir] .ControlsOverlay_container__3xpX8{background-color:#fff}.Destination_container__CFnLZ{position:relative}.Destination_form__2f-GB{position:relative;height:3em}[dir] .Destination_form__2f-GB{background:#e5f2f6;border-radius:10px}.Destination_suggestions__1PHMA{position:absolute;top:0;z-index:2}[dir] .Destination_suggestions__1PHMA{background-color:#fff;margin:.5em;border-radius:10px;padding:.5em;box-shadow:0 2px 4px 0 rgba(0,0,0,.14),0 3px 4px 0 rgba(0,0,0,.12),0 1px 5px 0 rgba(0,0,0,.2)}[dir=ltr] .Destination_suggestions__1PHMA,[dir=rtl] .Destination_suggestions__1PHMA{left:0;right:0}.Destination_distanceTitle__1gElU{font-weight:700}[dir] .Destination_distance__3oIsk{margin:1em}.Destination_map___eDn1{width:100%;height:200px;position:relative}[dir] .Destination_map___eDn1{background-color:grey}.Destination_input__2G95E{display:block;width:100%;height:100%;text-overflow:ellipsis;-webkit-appearance:none;font-weight:700}[dir] .Destination_input__2G95E{padding:.75em;border:none;background-color:transparent}[dir=ltr] .Destination_input__2G95E,[dir=rtl] .Destination_input__2G95E{padding-right:2.5em;padding-left:2.5em}.Destination_input__2G95E:focus{outline:0}.Destination_input__2G95E::-ms-clear,.Destination_input__2G95E::-ms-reveal{display:none;width:0;height:0}.Destination_input__2G95E::-webkit-search-cancel-button,.Destination_input__2G95E::-webkit-search-decoration,.Destination_input__2G95E::-webkit-search-results-button,.Destination_input__2G95E::-webkit-search-results-decoration{display:none}.Destination_overlay__2hFwW{position:fixed;top:0;bottom:0;z-index:1;display:none}[dir=ltr] .Destination_overlay__2hFwW,[dir=rtl] .Destination_overlay__2hFwW{left:0;right:0}.Destination_overlay__2hFwW.Destination_isActive__3wtPU{display:block}[dir] .Destination_overlay__2hFwW.Destination_isActive__3wtPU{background-color:rgba(0,0,0,.45)}.Destination_closeButton__1ejYl{position:absolute;top:0;color:#fff}[dir] .Destination_closeButton__1ejYl{margin:1em}[dir=ltr] .Destination_closeButton__1ejYl{right:0}[dir=rtl] .Destination_closeButton__1ejYl{left:0}.Destination_magnifier__2kbYt{position:absolute;bottom:0;top:0;width:2.5em;color:#007fad}[dir=ltr] .Destination_magnifier__2kbYt{left:0;padding:.75em .75em .75em .5em}[dir=rtl] .Destination_magnifier__2kbYt{right:0;padding:.75em .5em .75em .75em}.Destination_clear__QEyNn{position:absolute;bottom:0;top:0;width:2.5em;color:#3f9fc1}[dir] .Destination_clear__QEyNn{padding:.5em}[dir=ltr] .Destination_clear__QEyNn{right:0}[dir=rtl] .Destination_clear__QEyNn{left:0}.DestinationMap_container__1MP8e{display:block}.DestinationMap_center__QO6_7{height:1.5em;width:1.5em}[dir] .DestinationMap_center__QO6_7{background-color:#007fad;border:2px solid #fff;box-shadow:0 2px 2px 0 rgba(0,0,0,.2);border-radius:100px}[dir=ltr] .DestinationMap_center__QO6_7{-webkit-transform:translate(-50%,-50%);transform:translate(-50%,-50%)}[dir=rtl] .DestinationMap_center__QO6_7{-webkit-transform:translate(50%,-50%);transform:translate(50%,-50%)}.DestinationSelect_list__1i3Sd{display:block}.DestinationItem_label__1nzfS{font-weight:700}.DestinationItem_label__1nzfS,.DestinationItem_subline__M9FNQ{overflow:hidden;text-overflow:ellipsis;white-space:nowrap;display:block}.DestinationItem_subline__M9FNQ{color:#697379;font-size:12px}.DistanceSelect_list__cS7BJ,.StaySelect_container__27aX6{display:block}.StaySelect_duration__32rUY{font-weight:700}[dir] .StaySelect_duration__32rUY{padding:0 1.25em}.StaySelect_list__3xgNu{display:block}.StaySelect_lengthOfStayWrapper__2x_5I{display:-webkit-box;display:-webkit-flex;display:flex}[dir] .StaySelect_lengthOfStayWrapper__2x_5I{padding:0 1.25em}.StaySelect_lengthOfStay__6ny8j{color:#697379;line-height:1.5}[dir=ltr] .StaySelect_lengthOfStay__6ny8j{margin:0 0 0 .5em}[dir=rtl] .StaySelect_lengthOfStay__6ny8j{margin:0 .5em 0 0}.ControlSelectSeparator_separator__1F8Uv{height:1px}[dir] .ControlSelectSeparator_separator__1F8Uv{margin:.75em 0;background-color:#ebeced}.NumberInput_container__3GrQ8{display:-webkit-box;display:-webkit-flex;display:flex;-webkit-box-align:center;-webkit-align-items:center;align-items:center;-webkit-box-pack:justify;-webkit-justify-content:space-between;justify-content:space-between}.NumberInput_label__w7ah0{overflow:hidden;text-overflow:ellipsis;white-space:nowrap;min-width:0}.NumberInput_controls__1FZMo{display:-webkit-box;display:-webkit-flex;display:flex;-webkit-box-align:center;-webkit-align-items:center;align-items:center}.NumberInput_value__1i8N5{font-weight:400;width:3em;height:2.5em;color:#37454d}[dir] .NumberInput_value__1i8N5{text-align:center;border:1px solid #3f9fc1;border-radius:4px;background-color:#e5f2f6;margin:0 .5em}[dir] .NumberInput_value__1i8N5:focus{background-color:#fff}[dir] .Guest_container__2SELw{margin:1em}.Guest_toolbar__1JnFU{width:100%}[dir] .Guest_toolbar__1JnFU&gt;*+*{margin-top:1em}.GuestSelector_container__2wBrL{display:block}.GuestSelector_inputs__TQcfi{font-weight:700}[dir] .GuestSelector_inputs__TQcfi li+li{margin-top:1.5em}.GuestSelector_childrenLabel__3WUzH{font-weight:700}[dir] .GuestSelector_childrenLabel__3WUzH{margin-top:1.75em;margin-bottom:.75em}.GuestSelector_required__3I9mv{font-weight:400;color:#697379}.GuestSelector_ages__3Rkh3{display:-webkit-box;display:-webkit-flex;display:flex;-webkit-flex-wrap:wrap;flex-wrap:wrap}[dir=ltr] .GuestSelector_ages__3Rkh3{margin-right:-.75em}[dir=rtl] .GuestSelector_ages__3Rkh3{margin-left:-.75em}.GuestSelector_ages__3Rkh3 li{-webkit-flex-shrink:1;flex-shrink:1;-webkit-box-flex:0;-webkit-flex-grow:0;flex-grow:0;-webkit-flex-basis:calc(25% - 0.75em);flex-basis:calc(25% - 0.75em)}[dir] .GuestSelector_ages__3Rkh3 li{margin-bottom:.75em}[dir=ltr] .GuestSelector_ages__3Rkh3 li{margin-right:.75em}[dir=rtl] .GuestSelector_ages__3Rkh3 li{margin-left:.75em}.Select_container__3PVxj{-webkit-appearance:none;-webkit-font-smoothing:antialiased;-webkit-tap-highlight-color:transparent;display:block;width:100%;font:inherit}[dir] .Select_container__3PVxj{margin:0;padding:.5em;background-repeat:no-repeat;background-image:url("data:image/svg+xml;charset=US-ASCII,%3Csvg%20xmlns%3D%22http%3A%2F%2Fwww.w3.org%2F2000%2Fsvg%22%20width%3D%2213%22%20height%3D%227%22%20viewBox%3D%220%200%2013%207%22%3E%3Cpath%20fill%3D%22%2337454D%22%20d%3D%22M5.8%206.72L.32%201.822C-.094%201.472-.094.772.25.352c.342-.42%201.028-.42%201.44-.07l4.797%204.27L11.284.28c.412-.42%201.097-.35%201.44.07.412.42.342%201.12-.068%201.47l-5.484%204.9c-.205.21-.412.28-.685.28-.274%200-.48-.07-.686-.28z%22%2F%3E%3C%2Fsvg%3E");background-size:12px 6px}[dir=ltr] .Select_container__3PVxj{background-position:right 5px top 50%}[dir=rtl] .Select_container__3PVxj{background-position:left 5px top 50%}.Select_primary__2xRyF{color:#37454d}[dir] .Select_primary__2xRyF{border:1px solid #3f9fc1;border-radius:4px;background-color:#e5f2f6}.Select_invisible__17VR_{position:absolute;height:100%;top:0;bottom:0;opacity:0}[dir=ltr] .Select_invisible__17VR_,[dir=rtl] .Select_invisible__17VR_{left:0;right:0}[dir] .Overview_container__2JOM8{padding:1.25em}.Overview_button__1QGDr{display:inline-block;color:inherit;font:inherit;text-decoration:none;-webkit-user-select:none;-ms-user-select:none;user-select:none;touch-action:manipulation;overflow:hidden;text-overflow:ellipsis;white-space:nowrap;min-width:0;display:-webkit-box;display:-webkit-flex;display:flex;-webkit-box-orient:vertical;-webkit-box-direction:normal;-webkit-flex-direction:column;flex-direction:column;font-weight:700;font-size:16px}[dir] .Overview_button__1QGDr{background-color:transparent;background-repeat:no-repeat;background-position:50%;background-size:cover;text-align:center;cursor:pointer;padding:1.25em 1em;border:transparent;border-top:1px solid #cdd0d2}[dir=ltr] .Overview_button__1QGDr{text-align:left}[dir=rtl] .Overview_button__1QGDr{text-align:right}.Overview_button__1QGDr:hover{text-decoration:none}[dir] .Overview_button__1QGDr.Overview_isDisabled__3MIIN,[dir] .Overview_button__1QGDr:disabled{cursor:auto}.Overview_button__1QGDr:focus{outline:none}[dir] .Overview_button__1QGDr:focus{box-shadow:inset 0 0 0 1px #293339,inset 0 0 0 2px rgba(41,51,57,.75)}@supports(outline-offset:0){.Overview_button__1QGDr:focus{outline:1px dotted #293339;outline-offset:-3px}[dir] .Overview_button__1QGDr:focus{box-shadow:none}}[dir] .Overview_button__1QGDr:first-child{border-top:none}.Overview_buttonTitle__5IsaA{font-weight:400;font-size:14px}[dir] .Overview_buttonTitle__5IsaA{margin-bottom:8px}.Overview_controls__32d4z{display:-webkit-box;display:-webkit-flex;display:flex;-webkit-flex-wrap:wrap;flex-wrap:wrap}[dir] .Overview_controls__32d4z{box-shadow:0 10px 20px 0 rgba(41,51,57,.15),0 3px 6px 0 rgba(41,51,57,.1);border:1px solid #cdd0d2;border-radius:10px}.Overview_distance__1Im3S{width:50%}.Overview_dateRange__2EmRy,.Overview_destination__2xCw7{width:100%}.Overview_locationWrapper__2echh,.Overview_stayWrapper__2EWUf{display:-webkit-box;display:-webkit-flex;display:flex;-webkit-box-align:center;-webkit-align-items:center;align-items:center}.Overview_locationWrapper__2echh,.Overview_roomGuestWrapper__3jJTM,.Overview_stayWrapper__2EWUf{font-size:16px;height:24px}.Overview_roomsGuests__3wh7J{width:100%}[dir] .Overview_slider__2gPGA{margin-top:2em}.SearchForm_container__2lp39{display:-webkit-box;display:-webkit-flex;display:flex;font-size:14px}.SearchForm_control__2IwnO{-webkit-box-flex:1;-webkit-flex-grow:1;flex-grow:1}.SearchForm_destination__2Gx8R{width:30%}.SearchForm_distance__1BR6G{width:20%}.SearchForm_stay__21GWP{width:30%}.SearchForm_guest__2Lc5l{width:20%}.SearchForm_control__2IwnO{-webkit-transition:border-color .2s;transition:border-color .2s}[dir=ltr] .SearchForm_control__2IwnO+.SearchForm_control__2IwnO{border-left:1px solid #cdd0d2}[dir=rtl] .SearchForm_control__2IwnO+.SearchForm_control__2IwnO{border-right:1px solid #cdd0d2}[dir=ltr] .SearchForm_control__2IwnO+.SearchForm_isActive__2MDLV,[dir=ltr] .SearchForm_control__2IwnO:hover,[dir=ltr] .SearchForm_control__2IwnO:hover+.SearchForm_control__2IwnO,[dir=ltr] .SearchForm_isActive__2MDLV+.SearchForm_control__2IwnO{border-left-color:transparent}[dir=rtl] .SearchForm_control__2IwnO+.SearchForm_isActive__2MDLV,[dir=rtl] .SearchForm_control__2IwnO:hover,[dir=rtl] .SearchForm_control__2IwnO:hover+.SearchForm_control__2IwnO,[dir=rtl] .SearchForm_isActive__2MDLV+.SearchForm_control__2IwnO{border-right-color:transparent}[dir=ltr] .SearchForm_control__2IwnO+.SearchForm_distance__1BR6G{border-left-color:transparent}[dir=rtl] .SearchForm_control__2IwnO+.SearchForm_distance__1BR6G{border-right-color:transparent}.SearchForm_control__2IwnO+.SearchForm_distance__1BR6G:after{display:block;position:absolute;top:20%;content:" ";width:1px;height:60%;-webkit-transition:opacity .2s;transition:opacity .2s}[dir] .SearchForm_control__2IwnO+.SearchForm_distance__1BR6G:after{background-color:#cdd0d2}.SearchForm_control__2IwnO+.SearchForm_distance__1BR6G.SearchForm_isActive__2MDLV:after,.SearchForm_control__2IwnO+.SearchForm_distance__1BR6G:hover:after,.SearchForm_control__2IwnO.SearchForm_isActive__2MDLV+.SearchForm_distance__1BR6G:after,.SearchForm_control__2IwnO:hover+.SearchForm_distance__1BR6G:after{opacity:0}.DestinationControl_group__2gd4o{position:relative;display:-webkit-box;display:-webkit-flex;display:flex;-webkit-box-align:center;-webkit-align-items:center;align-items:center}.DestinationControl_input__23k7O{width:calc(100% - 35px);text-overflow:ellipsis;font-weight:700;-webkit-appearance:none}[dir] .DestinationControl_input__23k7O{margin:0;background:transparent;border:none}[dir=ltr] .DestinationControl_input__23k7O{padding:0 0 0 .5em}[dir=rtl] .DestinationControl_input__23k7O{padding:0 .5em 0 0}.DestinationControl_input__23k7O:focus{outline:0}.DestinationControl_input__23k7O::-ms-clear,.DestinationControl_input__23k7O::-ms-reveal{display:none;width:0;height:0}.DestinationControl_input__23k7O::-webkit-search-cancel-button,.DestinationControl_input__23k7O::-webkit-search-decoration,.DestinationControl_input__23k7O::-webkit-search-results-button,.DestinationControl_input__23k7O::-webkit-search-results-decoration{display:none}.DestinationControl_iconContainer__3ybEE{color:#007fad;height:20px;width:20px}.DestinationControl_iconClear__WXmHX{height:15px;width:15px;color:#3f9fc1}.DestinationControl_clear__5tNOb{position:absolute;bottom:-2px;display:inline-block;color:inherit;font:inherit;text-decoration:none;-webkit-user-select:none;-ms-user-select:none;user-select:none;touch-action:manipulation;overflow:hidden;text-overflow:ellipsis;white-space:nowrap;min-width:0;display:block;-webkit-box-flex:0;-webkit-flex-grow:0;flex-grow:0;-webkit-flex-shrink:0;flex-shrink:0;height:1.5em;width:1.5em}[dir] .DestinationControl_clear__5tNOb{background-color:transparent;background-repeat:no-repeat;background-position:50%;background-size:cover;border:transparent;text-align:center;cursor:pointer;padding:.125em;border-radius:2px}[dir=ltr] .DestinationControl_clear__5tNOb{right:0}[dir=rtl] .DestinationControl_clear__5tNOb{left:0}.DestinationControl_clear__5tNOb:hover{text-decoration:none}[dir] .DestinationControl_clear__5tNOb.DestinationControl_isDisabled__1Nqy3,[dir] .DestinationControl_clear__5tNOb:disabled{cursor:auto}.DestinationControl_clear__5tNOb:focus{outline:none}[dir] .DestinationControl_clear__5tNOb:focus{box-shadow:inset 0 0 0 1px #293339,inset 0 0 0 2px rgba(41,51,57,.75)}@supports(outline-offset:0){.DestinationControl_clear__5tNOb:focus{outline:1px dotted #293339;outline-offset:-3px}[dir] .DestinationControl_clear__5tNOb:focus{box-shadow:none}}[dir] .DestinationControl_clear__5tNOb:hover{background-color:#bfdfea}.DistanceControl_label__UtfjY{font-weight:700}[dir] .StaySelect_apply__1bMzT{margin-top:1.5em;margin-bottom:.5em;padding:0 1.25em}.StayControl_label__1CxEt{display:-webkit-box;display:-webkit-flex;display:flex;font-weight:700}.StayControl_dateRanges__1-OgH{overflow:hidden;text-overflow:ellipsis;white-space:nowrap;min-width:0}.StayControl_lengthOfStay__Yo0OW{overflow:hidden;text-overflow:ellipsis;white-space:nowrap;-webkit-flex-shrink:0;flex-shrink:0}[dir=ltr] .StayControl_lengthOfStay__Yo0OW{margin-left:.25em}[dir=rtl] .StayControl_lengthOfStay__Yo0OW{margin-right:.25em}.GuestSelect_container__pqmwG{width:20em}[dir] .GuestSelect_container__pqmwG{padding:.5em 1.25em}.GuestSelect_toolbar__2-PKA{display:-webkit-box;display:-webkit-flex;display:flex;-webkit-box-pack:justify;-webkit-justify-content:space-between;justify-content:space-between}[dir] .GuestSelect_toolbar__2-PKA{margin-top:1.25em}.GuestSelect_button__yIFVb{width:50%}[dir=ltr] .GuestSelect_button__yIFVb+.GuestSelect_button__yIFVb{margin-left:1em}[dir=rtl] .GuestSelect_button__yIFVb+.GuestSelect_button__yIFVb{margin-right:1em}.GuestControl_label__12ZKg{font-weight:700}.Tooltip_container__3gtU3{position:relative;display:block}.Tooltip_container__3gtU3.Tooltip_isActive__FS_sK .Tooltip_tooltip__3TnU8{display:block}.Tooltip_tooltip__3TnU8{position:absolute;z-index:70;display:none;min-width:20em;max-width:40em}.Tooltip_placement-top-right__3dTsC .Tooltip_tooltip__3TnU8{top:0}[dir] .Tooltip_placement-top-right__3dTsC .Tooltip_tooltip__3TnU8{-webkit-transform:translateY(-100%);transform:translateY(-100%);padding-bottom:.75em}[dir=ltr] .Tooltip_placement-top-right__3dTsC .Tooltip_tooltip__3TnU8{right:0}[dir=rtl] .Tooltip_placement-top-right__3dTsC .Tooltip_tooltip__3TnU8{left:0}.Tooltip_placement-top-left__36Oji .Tooltip_tooltip__3TnU8{top:0}[dir] .Tooltip_placement-top-left__36Oji .Tooltip_tooltip__3TnU8{-webkit-transform:translateY(-100%);transform:translateY(-100%);padding-bottom:.75em}[dir=ltr] .Tooltip_placement-top-left__36Oji .Tooltip_tooltip__3TnU8{left:0}[dir=rtl] .Tooltip_placement-top-left__36Oji .Tooltip_tooltip__3TnU8{right:0}[dir] .Tooltip_placement-bottom-left__3ybz0 .Tooltip_tooltip__3TnU8{padding-top:.75em}[dir=ltr] .Tooltip_placement-bottom-left__3ybz0 .Tooltip_tooltip__3TnU8{left:0}[dir=rtl] .Tooltip_placement-bottom-left__3ybz0 .Tooltip_tooltip__3TnU8{right:0}.Tooltip_children__3TWcK{display:block}.Tooltip_content__3UZ1s{position:relative;display:block;font-size:12px;color:#fff}[dir] .Tooltip_content__3UZ1s{padding:1em;background-color:#293339}[dir=ltr] .Tooltip_content__3UZ1s{text-align:left}[dir=rtl] .Tooltip_content__3UZ1s{text-align:right}.Tooltip_content__3UZ1s:before{content:"";display:block;height:0;position:absolute;width:0}.Tooltip_placement-top-right__3dTsC .Tooltip_content__3UZ1s:before{bottom:-6px}[dir] .Tooltip_placement-top-right__3dTsC .Tooltip_content__3UZ1s:before{border-top:6px solid #293339}[dir=ltr] .Tooltip_placement-top-right__3dTsC .Tooltip_content__3UZ1s:before{border-left:6px solid transparent;border-right:6px solid transparent;right:.75em}[dir=rtl] .Tooltip_placement-top-right__3dTsC .Tooltip_content__3UZ1s:before{border-right:6px solid transparent;border-left:6px solid transparent;left:.75em}.Tooltip_placement-top-left__36Oji .Tooltip_content__3UZ1s:before{bottom:-6px}[dir] .Tooltip_placement-top-left__36Oji .Tooltip_content__3UZ1s:before{border-top:6px solid #293339}[dir=ltr] .Tooltip_placement-top-left__36Oji .Tooltip_content__3UZ1s:before{border-left:6px solid transparent;border-right:6px solid transparent;left:.75em}[dir=rtl] .Tooltip_placement-top-left__36Oji .Tooltip_content__3UZ1s:before{border-right:6px solid transparent;border-left:6px solid transparent;right:.75em}.Tooltip_placement-bottom-left__3ybz0 .Tooltip_content__3UZ1s:before{top:-6px}[dir] .Tooltip_placement-bottom-left__3ybz0 .Tooltip_content__3UZ1s:before{border-bottom:6px solid #293339}[dir=ltr] .Tooltip_placement-bottom-left__3ybz0 .Tooltip_content__3UZ1s:before{border-left:6px solid transparent;border-right:6px solid transparent;left:.75em}[dir=rtl] .Tooltip_placement-bottom-left__3ybz0 .Tooltip_content__3UZ1s:before{border-right:6px solid transparent;border-left:6px solid transparent;right:.75em}.RankingBadge_container__2ER-O{font-size:14px;color:#697379;display:inline-block}[dir] .DealTilesMobileWithContent_header__33kkk{padding:1em;margin-bottom:.75em}.DealTilesMobileWithContent_title__2re19{display:inline-block;overflow:hidden;text-overflow:ellipsis;white-space:nowrap;-webkit-box-flex:0;-webkit-flex-grow:0;flex-grow:0;font-size:20px;font-weight:500;min-width:0}[dir] .DealTilesMobileWithContent_title__2re19{margin:0 .75em .75em}.DealTilesMobileWithContent_isLoading__JvZuQ .DealTilesMobileWithContent_title__2re19{color:transparent}[dir] .DealTilesMobileWithContent_isLoading__JvZuQ .DealTilesMobileWithContent_title__2re19{background-color:#ebeced;border-radius:6px}.DealTilesMobileWithContent_isLoading__JvZuQ .DealTilesMobileWithContent_title__2re19:after{white-space:pre;content:" "}[dir] .DealTilesMobileWithContent_destination__lDc1v{margin-bottom:1.75em}[dir] .DealTilesMobileWithContent_accommodations__Bryo1{margin-bottom:.75em}[dir] .DealTilesMobileWithContent_footer__2T4vP{margin-top:1.25em;padding:0 1em}.Header_container__3buHG{display:block}.Header_header__2TGyh{line-height:1;display:-webkit-box;display:-webkit-flex;display:flex;-webkit-box-flex:1;-webkit-flex-grow:1;flex-grow:1;-webkit-box-align:end;-webkit-align-items:flex-end;align-items:flex-end}.Header_isStacked__79nYp .Header_header__2TGyh{display:block}.Header_title__2OWux{font-size:24px;font-weight:500;word-wrap:break-word}[dir=ltr] .Header_title__2OWux{margin-right:.5em}[dir=rtl] .Header_title__2OWux{margin-left:.5em}.Header_isLoading__1cCpF .Header_title__2OWux{color:transparent;width:12em}[dir] .Header_isLoading__1cCpF .Header_title__2OWux{background-color:#ebeced;border-radius:6px}.Header_isLoading__1cCpF .Header_title__2OWux:after{white-space:pre;content:" "}.Header_country__2m6hu{font-size:16px;color:#697379;white-space:nowrap}.Header_distance__2cEOq{display:-webkit-box;display:-webkit-flex;display:flex;font-size:14px;color:#697379}[dir] .Header_isStacked__79nYp .Header_distance__2cEOq{margin-top:.5em}.Header_isLoading__1cCpF .Header_distance__2cEOq{color:transparent;width:16em}[dir] .Header_isLoading__1cCpF .Header_distance__2cEOq{background-color:#ebeced;border-radius:6px}.Header_isLoading__1cCpF .Header_distance__2cEOq:after{white-space:pre;content:" "}.Header_subline__3EWj1{-webkit-box-pack:justify;-webkit-justify-content:space-between;justify-content:space-between;display:-webkit-box;display:-webkit-flex;display:flex;font-size:20px;font-weight:400}[dir] .Header_subline__3EWj1{margin-top:2em}.Header_subtitle__3rDlt{font-size:20px}[dir] .He
[...]
pan&gt; &lt;span class="ot-switch-nob"&gt;&lt;/span&gt; &lt;span class="label-text"&gt;Marketing cookies&lt;/span&gt;&lt;/label&gt;&lt;/div&gt;&lt;!-- Group description --&gt;&lt;p class="ot-category-desc" id="ot-desc-id-C0004"&gt;These cookies enable personalization by tracking things like what you view, browse, and search for on our site. This and other data that we have, converted so that it can’t be used to directly identify you (pseudomized), may be shared with third-party partners who may use it to tailor ads to your profile. Deactivating these cookies won’t turn off ads— they’ll simply not be personalized to your interests.&lt;/p&gt;&lt;!-- sub groups --&gt;&lt;!-- view vendors link --&gt;&lt;!-- View host link --&gt;&lt;/div&gt;&lt;!-- Groups sections starts --&gt;&lt;!-- Group section ends --&gt;&lt;!-- Accordion Group section starts --&gt;&lt;!-- Accordion Group section ends --&gt;&lt;!-- Footer section starts --&gt;&lt;div class="save-preference-btn-container"&gt; &lt;button class="save-preference-btn-handler onetrust-close-btn-handler button-theme"&gt;Confirm&lt;/button&gt;&lt;div class="ot-pc-footer-logo"&gt;&lt;a class="powered-by-logo" href="https://onetrust.com/poweredbyonetrust" target="_blank" rel="noopener" aria-label="Powered by Onetrust" style="background-image: url(&amp;quot;https://cdn.cookielaw.org/logos/static/poweredBy_ot_logo.svg&amp;quot;)"&gt;&lt;/a&gt;&lt;/div&gt;&lt;/div&gt;&lt;!-- Footer section ends --&gt;&lt;/section&gt;&lt;/div&gt;&lt;section id="vendors-list" class="ot-hide hosts-list"&gt;&lt;div id="vendors-list-header"&gt;&lt;a class="back-btn-handler" role="button" href="javascript:void(0)" aria-label="Back"&gt;&lt;svg id="ot-back-arrow" xmlns="http://www.w3.org/2000/svg" xmlns:xlink="http://www.w3.org/1999/xlink" x="0px" y="0px" viewBox="0 0 444.531 444.531" xml:space="preserve"&gt;&lt;title&gt;Back Button&lt;/title&gt;&lt;g&gt;&lt;path fill="#656565" d="M213.13,222.409L351.88,83.653c7.05-7.043,10.567-15.657,10.567-25.841c0-10.183-3.518-18.793-10.567-25.835
                      l-21.409-21.416C323.432,3.521,314.817,0,304.637,0s-18.791,3.521-25.841,10.561L92.649,196.425
                      c-7.044,7.043-10.566,15.656-10.566,25.841s3.521,18.791,10.566,25.837l186.146,185.864c7.05,7.043,15.66,10.564,25.841,10.564
                      s18.795-3.521,25.834-10.564l21.409-21.412c7.05-7.039,10.567-15.604,10.567-25.697c0-10.085-3.518-18.746-10.567-25.978
                      L213.13,222.409z"&gt;&lt;/path&gt;&lt;/g&gt;&lt;/svg&gt;&lt;p class="pc-back-button-text"&gt;Back&lt;/p&gt;&lt;/a&gt;&lt;!-- Close Button --&gt; &lt;button id="vendor-close-pc-btn-handler" class="vendors-list pc-close-button ot-close-icon" aria-label="Close"&gt;&lt;/button&gt;&lt;!-- Close Button --&gt;&lt;h3 id="vendors-list-title"&gt;Performance Cookies&lt;/h3&gt;&lt;div id="search-container"&gt;&lt;label for="vendor-search-handler" class="screen-reader-only"&gt;Vendor Search&lt;/label&gt; &lt;input id="vendor-search-handler" type="text" placeholder="Search..." name="vendor-search-handler"&gt; &lt;svg xmlns="http://www.w3.org/2000/svg" xmlns:xlink="http://www.w3.org/1999/xlink" x="0px" y="0px" width="30" height="30" viewBox="0 -30 110 110"&gt;&lt;title&gt;Search Icon&lt;/title&gt;&lt;path fill="#2e3644" d="M55.146,51.887L41.588,37.786c3.486-4.144,5.396-9.358,5.396-14.786c0-12.682-10.318-23-23-23s-23,10.318-23,23
                  s10.318,23,23,23c4.761,0,9.298-1.436,13.177-4.162l13.661,14.208c0.571,0.593,1.339,0.92,2.162,0.92
                  c0.779,0,1.518-0.297,2.079-0.837C56.255,54.982,56.293,53.08,55.146,51.887z M23.984,6c9.374,0,17,7.626,17,17s-7.626,17-17,17
                  s-17-7.626-17-17S14.61,6,23.984,6z"&gt;&lt;/path&gt;&lt;/svg&gt; &lt;a href="javascript:void(0)" id="filter-btn-handler" role="button" aria-label="Filter Icon"&gt;&lt;svg role="presentation" aria-hidden="true" id="filter-icon" xmlns="http://www.w3.org/2000/svg" xmlns:xlink="http://www.w3.org/1999/xlink" x="0px" y="0px" width="15px" height="15px" viewBox="0 0 402.577 402.577" style="enable-background:new 0 0 402.577 402.577;" xml:space="preserve"&gt;&lt;title&gt;Filter Icon&lt;/title&gt;&lt;g&gt;&lt;path id="filter-icon-path" fill="#656565" d="M400.858,11.427c-3.241-7.421-8.85-11.132-16.854-11.136H18.564c-7.993,0-13.61,3.715-16.846,11.136
                c-3.234,7.801-1.903,14.467,3.999,19.985l140.757,140.753v138.755c0,4.955,1.809,9.232,5.424,12.854l73.085,73.083
                c3.429,3.614,7.71,5.428,12.851,5.428c2.282,0,4.66-0.479,7.135-1.43c7.426-3.238,11.14-8.851,11.14-16.845V172.166L396.861,31.413
                C402.765,25.895,404.093,19.231,400.858,11.427z"&gt;&lt;/path&gt;&lt;/g&gt;&lt;/svg&gt;&lt;/a&gt;&lt;div id="ot-triangle"&gt;&lt;/div&gt;&lt;section id="ot-filter-modal"&gt;&lt;div id="ot-options"&gt;&lt;div id="clear-filters-container"&gt;&lt;a href="javascript:void(0)" id="clear-filters-handler" role="button"&gt;&lt;p&gt;Clear Filters&lt;/p&gt;&lt;/a&gt;&lt;/div&gt;&lt;div class="ot-group-options"&gt;&lt;div class="ot-group-option"&gt;&lt;div class="ot-checkbox"&gt;&lt;input id="storage-access-group" class="ot-group-option-box category-filter-handler" type="checkbox"&gt; &lt;label for="storage-access-group"&gt;&lt;span&gt;Information storage and access&lt;/span&gt;&lt;/label&gt;&lt;/div&gt;&lt;/div&gt;&lt;/div&gt;&lt;button id="filter-apply-handler" class="ot-pill"&gt;Apply&lt;/button&gt;&lt;/div&gt;&lt;/section&gt;&lt;/div&gt;&lt;div id="select-all-container"&gt;&lt;div class="ot-checkbox"&gt;&lt;div class="leg-int-sel-all-hdr"&gt;&lt;span class="consent-hdr"&gt;Consent&lt;/span&gt; &lt;span class="leg-int-hdr"&gt;Leg.Interest&lt;/span&gt;&lt;/div&gt;&lt;div id="select-all-text-container"&gt;&lt;p&gt;All Consent Allowed&lt;/p&gt;&lt;/div&gt;&lt;!-- select all vendor leg.int toggle container --&gt;&lt;div id="select-all-vendors-leg-input-container"&gt;&lt;input id="select-all-vendor-leg-handler" class="ot-group-option-box" type="checkbox"&gt; &lt;label for="select-all-vendor-leg-handler"&gt;&lt;span class="label-text"&gt;Select All Vendors&lt;/span&gt;&lt;/label&gt;&lt;/div&gt;&lt;!-- select all vendor consent toggle container --&gt;&lt;div id="select-all-vendors-input-container"&gt;&lt;input id="select-all-vendor-groups-handler" class="ot-group-option-box" type="checkbox"&gt; &lt;label for="select-all-vendor-groups-handler"&gt;&lt;span class="label-text"&gt;Select All Vendors&lt;/span&gt;&lt;/label&gt;&lt;/div&gt;&lt;!-- Hosts select all input container --&gt;&lt;div id="select-all-hosts-input-container"&gt;&lt;input id="select-all-hosts-groups-handler" class="ot-group-option-box" type="checkbox"&gt; &lt;label for="select-all-hosts-groups-handler"&gt;&lt;span class="label-text"&gt;All Consent Allowed&lt;/span&gt;&lt;/label&gt;&lt;/div&gt;&lt;/div&gt;&lt;/div&gt;&lt;/div&gt;&lt;section id="vendor-list-content" class="host-list-content"&gt;&lt;div id="vendors-list-text" class="ot-sdk-row"&gt;&lt;div class="ot-sdk-column"&gt;&lt;ul id="hosts-list-container"&gt;&lt;li class="host-item"&gt;&lt;input type="checkbox" class="host-box" role="button" aria-expanded="false" aria-label="33Across"&gt;&lt;section class="accordion-header"&gt;&lt;div class="host-info"&gt;&lt;h3 class="host-title"&gt;33Across&lt;/h3&gt;&lt;h4 class="host-description"&gt;host description&lt;/h4&gt;&lt;!-- view third party cookie link with arrow --&gt;&lt;div class="host-notice"&gt;&lt;h4 class="host-view-cookies"&gt;View Cookies&lt;/h4&gt;&lt;div class="ot-arrow-container"&gt;&lt;/div&gt;&lt;/div&gt;&lt;/div&gt;&lt;!-- Checkbox --&gt;&lt;div class="ot-checkbox ot-host-tgl"&gt;&lt;input id="REPLACE-WITH-DYANMIC-HOST-ID" class="host-checkbox-handler ot-group-option-box" type="checkbox"&gt; &lt;label for="REPLACE-WITH-DYANMIC-HOST-ID"&gt;&lt;span class="label-text"&gt;REPLACE-WITH-DYANMIC-HOST-ID&lt;/span&gt;&lt;/label&gt;&lt;/div&gt;&lt;!-- Checkbox END --&gt;&lt;/section&gt;&lt;div class="accordion-text"&gt;&lt;div class="host-options"&gt;&lt;!-- HOST LIST VIEW UPDATE *** --&gt;&lt;ul class="host-option-group"&gt;&lt;li class="vendor-host"&gt;&lt;div class="cookie-name-container"&gt;&lt;div&gt;Name&lt;/div&gt;&lt;div&gt;cookie name&lt;/div&gt;&lt;/div&gt;&lt;/li&gt;&lt;/ul&gt;&lt;!-- HOST LIST VIEW UPDATE END *** --&gt;&lt;/div&gt;&lt;/div&gt;&lt;/li&gt;&lt;/ul&gt;&lt;ul id="vendors-list-container"&gt;&lt;li class="vendor-item"&gt;&lt;input type="checkbox" class="vendor-box" role="button" aria-expanded="false" aria-label="33Across"&gt;&lt;section class="accordion-header"&gt;&lt;!-- Vendor name policy link --&gt;&lt;div class="vendor-info"&gt;&lt;h3 class="vendor-title"&gt;33Across&lt;/h3&gt;&lt;a class="vendor-privacy-notice" href="#"&gt;View Privacy Notice&lt;/a&gt;&lt;/div&gt;&lt;!-- purposes count --&gt;&lt;div class="vendor-purposes"&gt;&lt;p&gt;3 Purposes&lt;/p&gt;&lt;/div&gt;&lt;!-- toggles and arrow --&gt;&lt;div class="ot-toggle-group"&gt;&lt;!-- Checkbox --&gt;&lt;div class="ot-checkbox"&gt;&lt;input id="REPLACE-WITH-DYANMIC-VENDOR-ID" class="vendor-checkbox vendor-checkbox-handler ot-group-option-box" type="checkbox"&gt; &lt;label for="REPLACE-WITH-DYANMIC-VENDOR-ID"&gt;&lt;span class="label-text"&gt;REPLACE-WITH-DYANMIC-VENDOR-ID&lt;/span&gt;&lt;/label&gt;&lt;/div&gt;&lt;!-- Checkbox END --&gt;&lt;div class="ot-arrow-container"&gt;&lt;svg class="ot-arrow" xmlns="http://www.w3.org/2000/svg" xmlns:xlink="http://www.w3.org/1999/xlink" x="0px" y="0px" width="10px" height="10px" viewBox="0 0 451.846 451.847" style="enable-background:new 0 0 451.846 451.847;" xml:space="preserve"&gt;&lt;title&gt;Arrow&lt;/title&gt;&lt;g&gt;&lt;path fill="#7b7b7b" d="M345.441,248.292L151.154,442.573c-12.359,12.365-32.397,12.365-44.75,0c-12.354-12.354-12.354-32.391,0-44.744
                        L278.318,225.92L106.409,54.017c-12.354-12.359-12.354-32.394,0-44.748c12.354-12.359,32.391-12.359,44.75,0l194.287,194.284
                        c6.177,6.18,9.262,14.271,9.262,22.366C354.708,234.018,351.617,242.115,345.441,248.292z"&gt;&lt;/path&gt;&lt;/g&gt;&lt;/svg&gt;&lt;/div&gt;&lt;/div&gt;&lt;/section&gt;&lt;div class="accordion-text"&gt;&lt;div class="vendor-options"&gt;&lt;!-- VENDOR PURPOSE UPDATE *** --&gt;&lt;div class="vendor-purpose-groups"&gt;&lt;!-- vendor purposes --&gt;&lt;div class="vendor-option vendor-option-purpose"&gt;&lt;p&gt;Consent Purposes&lt;/p&gt;&lt;/div&gt;&lt;div class="vendor-consent-group"&gt;&lt;p class="consent-category"&gt;Location Based Ads&lt;/p&gt;&lt;p class="consent-status"&gt;Consent Allowed&lt;/p&gt;&lt;/div&gt;&lt;!-- vendor legitimate interest purposes --&gt;&lt;div class="vendor-option vendor-option-purpose legitimate-interest"&gt;&lt;p&gt;Legitimate Interest Purposes&lt;/p&gt;&lt;/div&gt;&lt;div class="vendor-consent-group legitimate-interest-group"&gt;&lt;p class="consent-category"&gt;Personalize&lt;/p&gt;&lt;a href="#" class="vendor-opt-out-handler" aria-label="Require Opt-Out"&gt;&lt;div class="op-out-group"&gt;&lt;span&gt;Require Opt-Out&lt;/span&gt; &lt;svg x="0px" y="0px" width="15" height="15" viewBox="0 0 511.626 511.627" style="enable-background:new 0 0 511.626 511.627;" xml:space="preserve"&gt;&lt;g fill="#718593"&gt;&lt;g&gt;&lt;path d="M392.857,292.354h-18.274c-2.669,0-4.859,0.855-6.563,2.573c-1.718,1.708-2.573,3.897-2.573,6.563v91.361
                                  c0,12.563-4.47,23.315-13.415,32.262c-8.945,8.945-19.701,13.414-32.264,13.414H82.224c-12.562,0-23.317-4.469-32.264-13.414
                                  c-8.945-8.946-13.417-19.698-13.417-32.262V155.31c0-12.562,4.471-23.313,13.417-32.259c8.947-8.947,19.702-13.418,32.264-13.418
                                  h200.994c2.669,0,4.859-0.859,6.57-2.57c1.711-1.713,2.566-3.9,2.566-6.567V82.221c0-2.662-0.855-4.853-2.566-6.563
                                  c-1.711-1.713-3.901-2.568-6.57-2.568H82.224c-22.648,0-42.016,8.042-58.102,24.125C8.042,113.297,0,132.665,0,155.313v237.542
                                  c0,22.647,8.042,42.018,24.123,58.095c16.086,16.084,35.454,24.13,58.102,24.13h237.543c22.647,0,42.017-8.046,58.101-24.13
                                  c16.085-16.077,24.127-35.447,24.127-58.095v-91.358c0-2.669-0.856-4.859-2.574-6.57
                                  C397.709,293.209,395.519,292.354,392.857,292.354z"&gt;&lt;/path&gt;&lt;path d="M506.199,41.971c-3.617-3.617-7.905-5.424-12.85-5.424H347.171c-4.948,0-9.233,1.807-12.847,5.424
                                  c-3.617,3.615-5.428,7.898-5.428,12.847s1.811,9.233,5.428,12.85l50.247,50.248L198.424,304.067
                                  c-1.906,1.903-2.856,4.093-2.856,6.563c0,2.479,0.953,4.668,2.856,6.571l32.548,32.544c1.903,1.903,4.093,2.852,6.567,2.852
                                  s4.665-0.948,6.567-2.852l186.148-186.148l50.251,50.248c3.614,3.617,7.898,5.426,12.847,5.426s9.233-1.809,12.851-5.426
                                  c3.617-3.616,5.424-7.898,5.424-12.847V54.818C511.626,49.866,509.813,45.586,506.199,41.971z"&gt;&lt;/path&gt;&lt;/g&gt;&lt;/g&gt;&lt;/svg&gt;&lt;/div&gt;&lt;/a&gt;&lt;/div&gt;&lt;!-- Vendor special purposes --&gt;&lt;div class="vendor-option-purpose spl-purpose"&gt;&lt;p&gt;Special Purposes&lt;/p&gt;&lt;/div&gt;&lt;div class="vendor-consent-group spl-purpose-grp"&gt;&lt;p class="consent-category"&gt;Location Based Ads&lt;/p&gt;&lt;/div&gt;&lt;!-- Vendor features --&gt;&lt;div class="vendor-option-purpose vendor-feature"&gt;&lt;p&gt;Features&lt;/p&gt;&lt;/div&gt;&lt;div class="vendor-consent-group vendor-feature-group"&gt;&lt;p class="consent-category"&gt;Location Based Ads&lt;/p&gt;&lt;/div&gt;&lt;!-- Vendor special features --&gt;&lt;div class="vendor-option-purpose vendor-spl-feature"&gt;&lt;p&gt;Special Features&lt;/p&gt;&lt;/div&gt;&lt;div class="vendor-consent-group vendor-spl-feature-grp"&gt;&lt;p class="consent-category"&gt;Location Based Ads&lt;/p&gt;&lt;/div&gt;&lt;/div&gt;&lt;!-- VENDOR PURPOSE UPDATE END *** --&gt;&lt;/div&gt;&lt;/div&gt;&lt;/li&gt;&lt;/ul&gt;&lt;/div&gt;&lt;/div&gt;&lt;/section&gt;&lt;div id="vendor-list-save-btn" class="save-preference-btn-container"&gt; &lt;button class="save-preference-btn-handler onetrust-close-btn-handler button-theme"&gt;Confirm&lt;/button&gt;&lt;div class="ot-pc-footer-logo"&gt;&lt;a class="powered-by-logo" href="https://onetrust.com/poweredbyonetrust" target="_blank" rel="noopener" aria-label="Powered by One Trust"&gt;&lt;/a&gt;&lt;/div&gt;&lt;/div&gt;&lt;/section&gt;&lt;/div&gt;&lt;div id="onetrust-banner-sdk" class="otFlat bottom" style="bottom: 0px; visibility: hidden; opacity: 0; transition: visibility 0s 400ms, opacity 400ms linear; display: none;"&gt;&lt;div class="ot-sdk-container"&gt;&lt;div class="ot-sdk-row"&gt;&lt;div id="onetrust-group-container" class="ot-sdk-eight ot-sdk-columns"&gt;&lt;div class="banner_logo"&gt;&lt;/div&gt;&lt;div id="onetrust-policy"&gt;&lt;!-- Mobile Close Button --&gt;&lt;div id="onetrust-close-btn-container-mobile" class="ot-hide-large"&gt;&lt;/div&gt;&lt;!-- Mobile Close Button END--&gt;&lt;p id="onetrust-policy-text"&gt;&lt;p&gt;&lt;strong&gt;Let’s talk cookies! &lt;/strong&gt;We and our trusted third-party partners use cookies and other data and tech to analyze, enhance, and personalize your experience on and off trivago.&amp;nbsp;Click anywhere or “OK” to consent and continue enjoying trivago. Manage your data in your cookie settings.&lt;/p&gt;&lt;a href="https://www.trivago.co.uk/privacy-policy" tabindex="0"&gt;More info.&lt;/a&gt;&lt;/p&gt;&lt;/div&gt;&lt;/div&gt;&lt;div id="onetrust-button-group-parent" class="ot-sdk-three ot-sdk-columns"&gt;&lt;div id="onetrust-button-group"&gt;&lt;button id="onetrust-pc-btn-handler" tabindex="0" class="cookie-setting-link"&gt;Settings&lt;/button&gt;  &lt;button id="onetrust-accept-btn-handler" tabindex="0"&gt;OK &lt;/button&gt;&lt;/div&gt;&lt;/div&gt;&lt;!-- Close Button --&gt;&lt;div id="onetrust-close-btn-container" class="ot-sdk-one ot-sdk-column ot-hide-small"&gt;&lt;/div&gt;&lt;!-- Close Button END--&gt;&lt;/div&gt;&lt;/div&gt;&lt;/div&gt;&lt;/div&gt;&lt;/body&gt;&lt;/html&gt;</msg>
<msg timestamp="20210129 02:11:24.790" level="INFO">Current page contains button 'xpath=//*[@id="__next"]/main/div[1]/div[3]/div/div[2]/div/div/section/ul/li[1]/article/div[3]/footer/div[3]/div[2]/button'.</msg>
<status status="PASS" starttime="20210129 02:11:24.681" endtime="20210129 02:11:24.791"></status>
</kw>
<status status="PASS" starttime="20210129 02:11:21.656" endtime="20210129 02:11:24.791"></status>
</kw>
<status status="PASS" starttime="20210129 02:11:21.656" endtime="20210129 02:11:24.791"></status>
</kw>
<kw name="Then user clicks on “View Deal” button" library="DiscoverApp">
<kw name="Press ViewDeal Button" library="ViewDeal">
<kw name="Click Button" library="SeleniumLibrary">
<doc>Clicks button identified by ``locator``.</doc>
<arguments>
<arg>xpath=//*[@id="__next"]/main/div[1]/div[3]/div/div[2]/div/div/section/ul/li[1]/article/div[3]/footer/div[3]/div[2]/button</arg>
</arguments>
<msg timestamp="20210129 02:11:24.792" level="INFO">Clicking button 'xpath=//*[@id="__next"]/main/div[1]/div[3]/div/div[2]/div/div/section/ul/li[1]/article/div[3]/footer/div[3]/div[2]/button'.</msg>
<status status="PASS" starttime="20210129 02:11:24.792" endtime="20210129 02:11:24.978"></status>
</kw>
<kw name="Capture Page Screenshot" library="SeleniumLibrary">
<doc>Takes screenshot of the current page and embeds it into log file.</doc>
<arguments>
<arg>ViewDeal.png</arg>
</arguments>
<msg timestamp="20210129 02:11:25.406" level="INFO" html="yes">&lt;/td&gt;&lt;/tr&gt;&lt;tr&gt;&lt;td colspan="3"&gt;&lt;a href="ViewDeal.png"&gt;&lt;img src="ViewDeal.png" width="800px"&gt;&lt;/a&gt;</msg>
<status status="PASS" starttime="20210129 02:11:24.978" endtime="20210129 02:11:25.406"></status>
</kw>
<kw name="Sleep" library="BuiltIn">
<doc>Pauses the test executed for the given time.</doc>
<arguments>
<arg>5</arg>
</arguments>
<msg timestamp="20210129 02:11:30.407" level="INFO">Slept 5 seconds</msg>
<status status="PASS" starttime="20210129 02:11:25.406" endtime="20210129 02:11:30.407"></status>
</kw>
<kw name="Select Window" library="SeleniumLibrary">
<doc>Selects browser window matching ``locator``.</doc>
<arguments>
<arg>title=trivago &gt; Booking.com</arg>
</arguments>
<status status="PASS" starttime="20210129 02:11:30.407" endtime="20210129 02:11:30.686"></status>
</kw>
<kw name="Capture Page Screenshot" library="SeleniumLibrary">
<doc>Takes screenshot of the current page and embeds it into log file.</doc>
<arguments>
<arg>OtherWebsite.png</arg>
</arguments>
<msg timestamp="20210129 02:11:30.780" level="INFO" html="yes">&lt;/td&gt;&lt;/tr&gt;&lt;tr&gt;&lt;td colspan="3"&gt;&lt;a href="OtherWebsite.png"&gt;&lt;img src="OtherWebsite.png" width="800px"&gt;&lt;/a&gt;</msg>
<status status="PASS" starttime="20210129 02:11:30.686" endtime="20210129 02:11:30.780"></status>
</kw>
<status status="PASS" starttime="20210129 02:11:24.791" endtime="20210129 02:11:30.781"></status>
</kw>
<status status="PASS" starttime="20210129 02:11:24.791" endtime="20210129 02:11:30.781"></status>
</kw>
<kw name="End Web Test" library="Common" type="teardown">
<kw name="Close Browser" library="SeleniumLibrary">
<doc>Closes the current browser.</doc>
<status status="PASS" starttime="20210129 02:11:30.782" endtime="20210129 02:11:30.836"></status>
</kw>
<status status="PASS" starttime="20210129 02:11:30.781" endtime="20210129 02:11:30.836"></status>
</kw>
<tags>
<tag>Smoke</tag>
</tags>
<status status="PASS" starttime="20210129 02:10:54.524" endtime="20210129 02:11:30.836" critical="yes"></status>
</test>
<doc>This script contains test case for Trivago Discover Demo</doc>
<status status="PASS" starttime="20210129 02:10:54.331" endtime="20210129 02:11:30.838"></status>
</suite>
<statistics>
<total>
<stat pass="1" fail="0">Critical Tests</stat>
<stat pass="1" fail="0">All Tests</stat>
</total>
<tag>
<stat pass="1" fail="0">Smoke</stat>
</tag>
<suite>
<stat pass="1" fail="0" id="s1" name="Trivago Discover">Trivago Discover</stat>
</suite>
</statistics>
<errors>
</errors>
</robot>
